{"/Users/daveodden/Documents/web projects/un-moquer-hotelier-mantine/styleMock.js": {"path":"/Users/daveodden/Documents/web projects/un-moquer-hotelier-mantine/styleMock.js","statementMap":{"0":{"start":{"line":1,"column":0},"end":{"line":1,"column":20}}},"fnMap":{},"branchMap":{},"s":{"0":1},"f":{},"b":{},"_coverageSchema":"1a1c01bbd47fc00a2c39e90264f33305004495a9","hash":"6d180c1019e73d34edb9875742acd81951baf6ce"}
,"/Users/daveodden/Documents/web projects/un-moquer-hotelier-mantine/src/App.tsx": {"path":"/Users/daveodden/Documents/web projects/un-moquer-hotelier-mantine/src/App.tsx","statementMap":{"0":{"start":{"line":1,"column":0},"end":{"line":1,"column":56}},"1":{"start":{"line":2,"column":0},"end":{"line":2,"column":40}},"2":{"start":{"line":3,"column":0},"end":{"line":3,"column":39}},"3":{"start":{"line":4,"column":0},"end":{"line":4,"column":43}},"4":{"start":{"line":6,"column":0},"end":{"line":6,"column":51}},"5":{"start":{"line":7,"column":0},"end":{"line":7,"column":58}},"6":{"start":{"line":8,"column":0},"end":{"line":8,"column":49}},"7":{"start":{"line":9,"column":0},"end":{"line":9,"column":55}},"8":{"start":{"line":10,"column":0},"end":{"line":10,"column":55}},"9":{"start":{"line":11,"column":0},"end":{"line":11,"column":46}},"10":{"start":{"line":12,"column":0},"end":{"line":12,"column":18}},"11":{"start":{"line":14,"column":19},"end":{"line":38,"column":1}},"12":{"start":{"line":15,"column":1},"end":{"line":37,"column":null}},"13":{"start":{"line":14,"column":13},"end":{"line":14,"column":19}},"14":{"start":{"line":41,"column":1},"end":{"line":41,"column":null}}},"fnMap":{"0":{"name":"(anonymous_0)","decl":{"start":{"line":14,"column":19},"end":{"line":14,"column":22}},"loc":{"start":{"line":14,"column":24},"end":{"line":38,"column":1}}},"1":{"name":"MockLayout","decl":{"start":{"line":40,"column":9},"end":{"line":40,"column":19}},"loc":{"start":{"line":40,"column":19},"end":{"line":42,"column":1}}}},"branchMap":{},"s":{"0":1,"1":1,"2":1,"3":1,"4":1,"5":1,"6":1,"7":1,"8":1,"9":1,"10":1,"11":1,"12":1,"13":1,"14":1},"f":{"0":1,"1":1},"b":{}}
,"/Users/daveodden/Documents/web projects/un-moquer-hotelier-mantine/src/api/api.ts": {"path":"/Users/daveodden/Documents/web projects/un-moquer-hotelier-mantine/src/api/api.ts","statementMap":{"0":{"start":{"line":1,"column":15},"end":{"line":1,"column":62}},"1":{"start":{"line":2,"column":15},"end":{"line":2,"column":52}},"2":{"start":{"line":3,"column":36},"end":{"line":3,"column":49}},"3":{"start":{"line":4,"column":0},"end":{"line":4,"column":null}},"4":{"start":{"line":6,"column":28},"end":{"line":7,"column":82}},"5":{"start":{"line":7,"column":1},"end":{"line":7,"column":82}},"6":{"start":{"line":8,"column":32},"end":{"line":8,"column":96}},"7":{"start":{"line":8,"column":55},"end":{"line":8,"column":96}},"8":{"start":{"line":9,"column":28},"end":{"line":9,"column":88}},"9":{"start":{"line":9,"column":48},"end":{"line":9,"column":88}},"10":{"start":{"line":11,"column":46},"end":{"line":19,"column":1}},"11":{"start":{"line":12,"column":26},"end":{"line":12,"column":28}},"12":{"start":{"line":13,"column":1},"end":{"line":17,"column":2}},"13":{"start":{"line":14,"column":2},"end":{"line":16,"column":null}},"14":{"start":{"line":15,"column":3},"end":{"line":15,"column":null}},"15":{"start":{"line":18,"column":1},"end":{"line":18,"column":null}},"16":{"start":{"line":21,"column":28},"end":{"line":32,"column":1}},"17":{"start":{"line":22,"column":19},"end":{"line":22,"column":21}},"18":{"start":{"line":24,"column":1},"end":{"line":24,"column":null}},"19":{"start":{"line":24,"column":34},"end":{"line":24,"column":null}},"20":{"start":{"line":26,"column":1},"end":{"line":27,"column":null}},"21":{"start":{"line":27,"column":2},"end":{"line":27,"column":null}},"22":{"start":{"line":29,"column":1},"end":{"line":29,"column":null}},"23":{"start":{"line":29,"column":16},"end":{"line":29,"column":null}},"24":{"start":{"line":31,"column":1},"end":{"line":31,"column":null}},"25":{"start":{"line":34,"column":13},"end":{"line":45,"column":null}},"26":{"start":{"line":35,"column":38},"end":{"line":44,"column":null}},"27":{"start":{"line":36,"column":20},"end":{"line":36,"column":47}},"28":{"start":{"line":37,"column":19},"end":{"line":41,"column":4}},"29":{"start":{"line":42,"column":2},"end":{"line":42,"column":null}},"30":{"start":{"line":42,"column":31},"end":{"line":42,"column":null}},"31":{"start":{"line":43,"column":2},"end":{"line":43,"column":null}},"32":{"start":{"line":47,"column":13},"end":{"line":61,"column":null}}},"fnMap":{"0":{"name":"(anonymous_7)","decl":{"start":{"line":6,"column":28},"end":{"line":6,"column":29}},"loc":{"start":{"line":7,"column":1},"end":{"line":7,"column":82}}},"1":{"name":"(anonymous_8)","decl":{"start":{"line":8,"column":32},"end":{"line":8,"column":33}},"loc":{"start":{"line":8,"column":55},"end":{"line":8,"column":96}}},"2":{"name":"(anonymous_9)","decl":{"start":{"line":9,"column":28},"end":{"line":9,"column":29}},"loc":{"start":{"line":9,"column":48},"end":{"line":9,"column":88}}},"3":{"name":"(anonymous_10)","decl":{"start":{"line":11,"column":46},"end":{"line":11,"column":47}},"loc":{"start":{"line":11,"column":82},"end":{"line":19,"column":1}}},"4":{"name":"(anonymous_11)","decl":{"start":{"line":14,"column":31},"end":{"line":14,"column":41}},"loc":{"start":{"line":14,"column":52},"end":{"line":16,"column":3}}},"5":{"name":"(anonymous_12)","decl":{"start":{"line":21,"column":28},"end":{"line":21,"column":29}},"loc":{"start":{"line":21,"column":50},"end":{"line":32,"column":1}}},"6":{"name":"(anonymous_13)","decl":{"start":{"line":35,"column":10},"end":{"line":35,"column":17}},"loc":{"start":{"line":35,"column":38},"end":{"line":44,"column":null}}},"7":{"name":"(anonymous_14)","decl":{"start":{"line":35,"column":38},"end":{"line":35,"column":null}},"loc":{"start":{"line":35,"column":38},"end":{"line":44,"column":2}}}},"branchMap":{"0":{"loc":{"start":{"line":2,"column":15},"end":{"line":2,"column":52}},"type":"cond-expr","locations":[{"start":{"line":2,"column":46},"end":{"line":2,"column":50}},{"start":{"line":2,"column":50},"end":{"line":2,"column":52}}]},"1":{"loc":{"start":{"line":2,"column":15},"end":{"line":2,"column":50}},"type":"binary-expr","locations":[{"start":{"line":2,"column":15},"end":{"line":2,"column":50}},{"start":{"line":2,"column":46},"end":{"line":2,"column":50}}]},"2":{"loc":{"start":{"line":7,"column":1},"end":{"line":7,"column":82}},"type":"binary-expr","locations":[{"start":{"line":7,"column":1},"end":{"line":7,"column":24}},{"start":{"line":7,"column":28},"end":{"line":7,"column":55}},{"start":{"line":7,"column":59},"end":{"line":7,"column":82}}]},"3":{"loc":{"start":{"line":8,"column":55},"end":{"line":8,"column":96}},"type":"binary-expr","locations":[{"start":{"line":8,"column":55},"end":{"line":8,"column":78}},{"start":{"line":8,"column":82},"end":{"line":8,"column":96}}]},"4":{"loc":{"start":{"line":13,"column":1},"end":{"line":17,"column":2}},"type":"if","locations":[{"start":{"line":13,"column":1},"end":{"line":17,"column":2}}]},"5":{"loc":{"start":{"line":24,"column":1},"end":{"line":24,"column":null}},"type":"if","locations":[{"start":{"line":24,"column":1},"end":{"line":24,"column":null}}]},"6":{"loc":{"start":{"line":26,"column":1},"end":{"line":27,"column":null}},"type":"if","locations":[{"start":{"line":26,"column":1},"end":{"line":27,"column":null}}]},"7":{"loc":{"start":{"line":29,"column":1},"end":{"line":29,"column":null}},"type":"if","locations":[{"start":{"line":29,"column":1},"end":{"line":29,"column":null}}]},"8":{"loc":{"start":{"line":39,"column":9},"end":{"line":39,"column":90}},"type":"cond-expr","locations":[{"start":{"line":39,"column":53},"end":{"line":39,"column":83}},{"start":{"line":39,"column":86},"end":{"line":39,"column":90}}]},"9":{"loc":{"start":{"line":39,"column":9},"end":{"line":39,"column":50}},"type":"binary-expr","locations":[{"start":{"line":39,"column":9},"end":{"line":39,"column":23}},{"start":{"line":39,"column":27},"end":{"line":39,"column":50}}]},"10":{"loc":{"start":{"line":42,"column":2},"end":{"line":42,"column":null}},"type":"if","locations":[{"start":{"line":42,"column":2},"end":{"line":42,"column":null}}]}},"s":{"0":1,"1":1,"2":1,"3":1,"4":1,"5":0,"6":1,"7":0,"8":1,"9":0,"10":1,"11":0,"12":0,"13":0,"14":0,"15":0,"16":1,"17":0,"18":0,"19":0,"20":0,"21":0,"22":0,"23":0,"24":0,"25":1,"26":0,"27":0,"28":0,"29":0,"30":0,"31":0,"32":1},"f":{"0":0,"1":0,"2":0,"3":0,"4":0,"5":0,"6":0,"7":0},"b":{"0":[0,1],"1":[1,1],"2":[0,0,0],"3":[0,0],"4":[0],"5":[0],"6":[0],"7":[0],"8":[0,0],"9":[0,0],"10":[0]}}
,"/Users/daveodden/Documents/web projects/un-moquer-hotelier-mantine/src/components/AppNav/AppLink.tsx": {"path":"/Users/daveodden/Documents/web projects/un-moquer-hotelier-mantine/src/components/AppNav/AppLink.tsx","statementMap":{"0":{"start":{"line":1,"column":0},"end":{"line":1,"column":53}},"1":{"start":{"line":3,"column":0},"end":{"line":3,"column":41}},"2":{"start":{"line":5,"column":23},"end":{"line":16,"column":1}},"3":{"start":{"line":6,"column":1},"end":{"line":15,"column":null}},"4":{"start":{"line":5,"column":13},"end":{"line":5,"column":23}}},"fnMap":{"0":{"name":"(anonymous_1)","decl":{"start":{"line":5,"column":23},"end":{"line":5,"column":24}},"loc":{"start":{"line":5,"column":83},"end":{"line":16,"column":1}}}},"branchMap":{"0":{"loc":{"start":{"line":11,"column":17},"end":{"line":11,"column":36}},"type":"binary-expr","locations":[{"start":{"line":11,"column":17},"end":{"line":11,"column":23}},{"start":{"line":11,"column":27},"end":{"line":11,"column":36}}]}},"s":{"0":1,"1":1,"2":1,"3":7,"4":1},"f":{"0":7},"b":{"0":[7,7]}}
,"/Users/daveodden/Documents/web projects/un-moquer-hotelier-mantine/src/components/AppNav/AppNav.tsx": {"path":"/Users/daveodden/Documents/web projects/un-moquer-hotelier-mantine/src/components/AppNav/AppNav.tsx","statementMap":{"0":{"start":{"line":1,"column":0},"end":{"line":1,"column":45}},"1":{"start":{"line":2,"column":0},"end":{"line":2,"column":70}},"2":{"start":{"line":3,"column":0},"end":{"line":3,"column":52}},"3":{"start":{"line":5,"column":0},"end":{"line":5,"column":43}},"4":{"start":{"line":6,"column":0},"end":{"line":6,"column":35}},"5":{"start":{"line":7,"column":0},"end":{"line":7,"column":41}},"6":{"start":{"line":9,"column":22},"end":{"line":28,"column":1}},"7":{"start":{"line":10,"column":1},"end":{"line":27,"column":null}},"8":{"start":{"line":9,"column":13},"end":{"line":9,"column":22}}},"fnMap":{"0":{"name":"(anonymous_1)","decl":{"start":{"line":9,"column":22},"end":{"line":9,"column":25}},"loc":{"start":{"line":9,"column":27},"end":{"line":28,"column":1}}}},"branchMap":{},"s":{"0":1,"1":1,"2":1,"3":1,"4":1,"5":1,"6":1,"7":1,"8":1},"f":{"0":1},"b":{}}
,"/Users/daveodden/Documents/web projects/un-moquer-hotelier-mantine/src/components/AppNav/RouterLinks.tsx": {"path":"/Users/daveodden/Documents/web projects/un-moquer-hotelier-mantine/src/components/AppNav/RouterLinks.tsx","statementMap":{"0":{"start":{"line":1,"column":0},"end":{"line":1,"column":32}},"1":{"start":{"line":2,"column":0},"end":{"line":2,"column":null}},"2":{"start":{"line":9,"column":0},"end":{"line":9,"column":59}},"3":{"start":{"line":11,"column":0},"end":{"line":11,"column":35}},"4":{"start":{"line":13,"column":19},"end":{"line":19,"column":null}},"5":{"start":{"line":21,"column":27},"end":{"line":34,"column":1}},"6":{"start":{"line":22,"column":18},"end":{"line":22,"column":31}},"7":{"start":{"line":23,"column":18},"end":{"line":23,"column":31}},"8":{"start":{"line":24,"column":29},"end":{"line":24,"column":91}},"9":{"start":{"line":26,"column":25},"end":{"line":29,"column":2}},"10":{"start":{"line":27,"column":2},"end":{"line":27,"column":null}},"11":{"start":{"line":28,"column":2},"end":{"line":28,"column":null}},"12":{"start":{"line":31,"column":1},"end":{"line":33,"column":null}},"13":{"start":{"line":32,"column":2},"end":{"line":32,"column":94}},"14":{"start":{"line":32,"column":36},"end":{"line":32,"column":61}},"15":{"start":{"line":21,"column":13},"end":{"line":21,"column":27}}},"fnMap":{"0":{"name":"(anonymous_0)","decl":{"start":{"line":21,"column":27},"end":{"line":21,"column":30}},"loc":{"start":{"line":21,"column":32},"end":{"line":34,"column":1}}},"1":{"name":"(anonymous_1)","decl":{"start":{"line":26,"column":25},"end":{"line":26,"column":26}},"loc":{"start":{"line":26,"column":41},"end":{"line":29,"column":2}}},"2":{"name":"(anonymous_2)","decl":{"start":{"line":31,"column":23},"end":{"line":31,"column":24}},"loc":{"start":{"line":32,"column":2},"end":{"line":32,"column":94}}},"3":{"name":"(anonymous_3)","decl":{"start":{"line":32,"column":30},"end":{"line":32,"column":33}},"loc":{"start":{"line":32,"column":36},"end":{"line":32,"column":61}}}},"branchMap":{},"s":{"0":1,"1":1,"2":1,"3":1,"4":1,"5":1,"6":1,"7":1,"8":1,"9":1,"10":0,"11":0,"12":1,"13":5,"14":0,"15":1},"f":{"0":1,"1":0,"2":5,"3":0},"b":{}}
,"/Users/daveodden/Documents/web projects/un-moquer-hotelier-mantine/src/features/Bookings/Bookings.tsx": {"path":"/Users/daveodden/Documents/web projects/un-moquer-hotelier-mantine/src/features/Bookings/Bookings.tsx","statementMap":{"0":{"start":{"line":1,"column":0},"end":{"line":1,"column":32}},"1":{"start":{"line":2,"column":0},"end":{"line":2,"column":70}},"2":{"start":{"line":3,"column":0},"end":{"line":3,"column":46}},"3":{"start":{"line":5,"column":0},"end":{"line":5,"column":47}},"4":{"start":{"line":6,"column":0},"end":{"line":6,"column":43}},"5":{"start":{"line":8,"column":24},"end":{"line":48,"column":1}},"6":{"start":{"line":9,"column":39},"end":{"line":9,"column":51}},"7":{"start":{"line":10,"column":39},"end":{"line":10,"column":54}},"8":{"start":{"line":11,"column":41},"end":{"line":11,"column":53}},"9":{"start":{"line":13,"column":21},"end":{"line":13,"column":45}},"10":{"start":{"line":13,"column":27},"end":{"line":13,"column":45}},"11":{"start":{"line":14,"column":19},"end":{"line":14,"column":45}},"12":{"start":{"line":14,"column":25},"end":{"line":14,"column":45}},"13":{"start":{"line":15,"column":20},"end":{"line":15,"column":47}},"14":{"start":{"line":15,"column":26},"end":{"line":15,"column":47}},"15":{"start":{"line":16,"column":18},"end":{"line":17,"column":37}},"16":{"start":{"line":17,"column":2},"end":{"line":17,"column":37}},"17":{"start":{"line":19,"column":1},"end":{"line":47,"column":null}},"18":{"start":{"line":8,"column":13},"end":{"line":8,"column":24}}},"fnMap":{"0":{"name":"(anonymous_1)","decl":{"start":{"line":8,"column":24},"end":{"line":8,"column":27}},"loc":{"start":{"line":8,"column":29},"end":{"line":48,"column":1}}},"1":{"name":"(anonymous_2)","decl":{"start":{"line":13,"column":21},"end":{"line":13,"column":24}},"loc":{"start":{"line":13,"column":27},"end":{"line":13,"column":45}}},"2":{"name":"(anonymous_3)","decl":{"start":{"line":14,"column":19},"end":{"line":14,"column":22}},"loc":{"start":{"line":14,"column":25},"end":{"line":14,"column":45}}},"3":{"name":"(anonymous_4)","decl":{"start":{"line":15,"column":20},"end":{"line":15,"column":23}},"loc":{"start":{"line":15,"column":26},"end":{"line":15,"column":47}}},"4":{"name":"(anonymous_5)","decl":{"start":{"line":16,"column":18},"end":{"line":16,"column":19}},"loc":{"start":{"line":17,"column":2},"end":{"line":17,"column":37}}}},"branchMap":{},"s":{"0":1,"1":1,"2":1,"3":1,"4":1,"5":1,"6":0,"7":0,"8":0,"9":0,"10":0,"11":0,"12":0,"13":0,"14":0,"15":0,"16":0,"17":0,"18":1},"f":{"0":0,"1":0,"2":0,"3":0,"4":0},"b":{}}
,"/Users/daveodden/Documents/web projects/un-moquer-hotelier-mantine/src/features/Bookings/BookingsTable.tsx": {"path":"/Users/daveodden/Documents/web projects/un-moquer-hotelier-mantine/src/features/Bookings/BookingsTable.tsx","statementMap":{"0":{"start":{"line":1,"column":0},"end":{"line":1,"column":32}},"1":{"start":{"line":2,"column":0},"end":{"line":2,"column":56}},"2":{"start":{"line":3,"column":0},"end":{"line":3,"column":46}},"3":{"start":{"line":4,"column":0},"end":{"line":4,"column":71}},"4":{"start":{"line":5,"column":0},"end":{"line":5,"column":34}},"5":{"start":{"line":6,"column":0},"end":{"line":6,"column":34}},"6":{"start":{"line":7,"column":0},"end":{"line":7,"column":37}},"7":{"start":{"line":8,"column":0},"end":{"line":8,"column":57}},"8":{"start":{"line":9,"column":0},"end":{"line":9,"column":50}},"9":{"start":{"line":11,"column":29},"end":{"line":60,"column":1}},"10":{"start":{"line":12,"column":42},"end":{"line":12,"column":47}},"11":{"start":{"line":13,"column":35},"end":{"line":13,"column":51}},"12":{"start":{"line":14,"column":24},"end":{"line":14,"column":80}},"13":{"start":{"line":15,"column":37},"end":{"line":18,"column":3}},"14":{"start":{"line":20,"column":20},"end":{"line":20,"column":69}},"15":{"start":{"line":21,"column":17},"end":{"line":21,"column":84}},"16":{"start":{"line":22,"column":31},"end":{"line":22,"column":92}},"17":{"start":{"line":22,"column":59},"end":{"line":22,"column":91}},"18":{"start":{"line":24,"column":1},"end":{"line":25,"column":null}},"19":{"start":{"line":25,"column":2},"end":{"line":25,"column":null}},"20":{"start":{"line":27,"column":1},"end":{"line":59,"column":null}},"21":{"start":{"line":55,"column":40},"end":{"line":55,"column":60}},"22":{"start":{"line":11,"column":13},"end":{"line":11,"column":29}}},"fnMap":{"0":{"name":"(anonymous_1)","decl":{"start":{"line":11,"column":29},"end":{"line":11,"column":30}},"loc":{"start":{"line":11,"column":56},"end":{"line":60,"column":1}}},"1":{"name":"(anonymous_2)","decl":{"start":{"line":22,"column":47},"end":{"line":22,"column":48}},"loc":{"start":{"line":22,"column":59},"end":{"line":22,"column":91}}},"2":{"name":"(anonymous_3)","decl":{"start":{"line":55,"column":15},"end":{"line":55,"column":16}},"loc":{"start":{"line":55,"column":40},"end":{"line":55,"column":60}}}},"branchMap":{"0":{"loc":{"start":{"line":21,"column":17},"end":{"line":21,"column":84}},"type":"cond-expr","locations":[{"start":{"line":21,"column":51},"end":{"line":21,"column":71}},{"start":{"line":21,"column":74},"end":{"line":21,"column":84}}]},"1":{"loc":{"start":{"line":24,"column":1},"end":{"line":25,"column":null}},"type":"if","locations":[{"start":{"line":24,"column":1},"end":{"line":25,"column":null}}]}},"s":{"0":1,"1":1,"2":1,"3":1,"4":1,"5":1,"6":1,"7":1,"8":1,"9":1,"10":0,"11":0,"12":0,"13":0,"14":0,"15":0,"16":0,"17":0,"18":0,"19":0,"20":0,"21":0,"22":1},"f":{"0":0,"1":0,"2":0},"b":{"0":[0,0],"1":[0]}}
,"/Users/daveodden/Documents/web projects/un-moquer-hotelier-mantine/src/features/Bookings/utils.ts": {"path":"/Users/daveodden/Documents/web projects/un-moquer-hotelier-mantine/src/features/Bookings/utils.ts","statementMap":{"0":{"start":{"line":3,"column":0},"end":{"line":3,"column":57}},"1":{"start":{"line":11,"column":0},"end":{"line":11,"column":null}},"2":{"start":{"line":13,"column":27},"end":{"line":19,"column":1}},"3":{"start":{"line":14,"column":1},"end":{"line":18,"column":null}},"4":{"start":{"line":15,"column":2},"end":{"line":17,"column":3}},"5":{"start":{"line":16,"column":3},"end":{"line":16,"column":null}},"6":{"start":{"line":13,"column":13},"end":{"line":13,"column":27}},"7":{"start":{"line":21,"column":24},"end":{"line":30,"column":1}},"8":{"start":{"line":22,"column":29},"end":{"line":22,"column":31}},"9":{"start":{"line":23,"column":1},"end":{"line":28,"column":2}},"10":{"start":{"line":23,"column":14},"end":{"line":23,"column":15}},"11":{"start":{"line":24,"column":2},"end":{"line":27,"column":3}},"12":{"start":{"line":25,"column":3},"end":{"line":25,"column":null}},"13":{"start":{"line":26,"column":3},"end":{"line":26,"column":8}},"14":{"start":{"line":29,"column":1},"end":{"line":29,"column":null}},"15":{"start":{"line":32,"column":24},"end":{"line":42,"column":1}},"16":{"start":{"line":33,"column":30},"end":{"line":33,"column":32}},"17":{"start":{"line":34,"column":1},"end":{"line":40,"column":2}},"18":{"start":{"line":34,"column":14},"end":{"line":34,"column":15}},"19":{"start":{"line":35,"column":2},"end":{"line":39,"column":3}},"20":{"start":{"line":36,"column":3},"end":{"line":36,"column":null}},"21":{"start":{"line":37,"column":3},"end":{"line":37,"column":null}},"22":{"start":{"line":38,"column":3},"end":{"line":38,"column":8}},"23":{"start":{"line":41,"column":1},"end":{"line":41,"column":null}},"24":{"start":{"line":44,"column":47},"end":{"line":62,"column":1}},"25":{"start":{"line":49,"column":48},"end":{"line":49,"column":50}},"26":{"start":{"line":50,"column":1},"end":{"line":60,"column":2}},"27":{"start":{"line":50,"column":48},"end":{"line":50,"column":63}},"28":{"start":{"line":51,"column":2},"end":{"line":59,"column":null}},"29":{"start":{"line":52,"column":3},"end":{"line":58,"column":null}},"30":{"start":{"line":61,"column":1},"end":{"line":61,"column":null}},"31":{"start":{"line":44,"column":13},"end":{"line":44,"column":47}}},"fnMap":{"0":{"name":"(anonymous_0)","decl":{"start":{"line":13,"column":27},"end":{"line":13,"column":28}},"loc":{"start":{"line":13,"column":90},"end":{"line":19,"column":1}}},"1":{"name":"(anonymous_1)","decl":{"start":{"line":14,"column":38},"end":{"line":14,"column":39}},"loc":{"start":{"line":14,"column":60},"end":{"line":18,"column":2}}},"2":{"name":"(anonymous_2)","decl":{"start":{"line":21,"column":24},"end":{"line":21,"column":25}},"loc":{"start":{"line":21,"column":76},"end":{"line":30,"column":1}}},"3":{"name":"(anonymous_3)","decl":{"start":{"line":32,"column":24},"end":{"line":32,"column":25}},"loc":{"start":{"line":32,"column":63},"end":{"line":42,"column":1}}},"4":{"name":"(anonymous_4)","decl":{"start":{"line":44,"column":47},"end":{"line":44,"column":null}},"loc":{"start":{"line":48,"column":26},"end":{"line":62,"column":1}}},"5":{"name":"(anonymous_5)","decl":{"start":{"line":50,"column":37},"end":{"line":50,"column":38}},"loc":{"start":{"line":50,"column":48},"end":{"line":50,"column":63}}},"6":{"name":"(anonymous_6)","decl":{"start":{"line":51,"column":20},"end":{"line":51,"column":21}},"loc":{"start":{"line":51,"column":42},"end":{"line":59,"column":3}}}},"branchMap":{"0":{"loc":{"start":{"line":15,"column":2},"end":{"line":17,"column":3}},"type":"if","locations":[{"start":{"line":15,"column":2},"end":{"line":17,"column":3}}]},"1":{"loc":{"start":{"line":15,"column":6},"end":{"line":15,"column":25}},"type":"binary-expr","locations":[{"start":{"line":15,"column":6},"end":{"line":15,"column":12}},{"start":{"line":15,"column":16},"end":{"line":15,"column":25}}]},"2":{"loc":{"start":{"line":24,"column":2},"end":{"line":27,"column":3}},"type":"if","locations":[{"start":{"line":24,"column":2},"end":{"line":27,"column":3}}]},"3":{"loc":{"start":{"line":35,"column":2},"end":{"line":39,"column":3}},"type":"if","locations":[{"start":{"line":35,"column":2},"end":{"line":39,"column":3}}]},"4":{"loc":{"start":{"line":50,"column":1},"end":{"line":60,"column":2}},"type":"if","locations":[{"start":{"line":50,"column":1},"end":{"line":60,"column":2}}]}},"s":{"0":1,"1":1,"2":1,"3":0,"4":0,"5":0,"6":1,"7":1,"8":0,"9":0,"10":0,"11":0,"12":0,"13":0,"14":0,"15":1,"16":0,"17":0,"18":0,"19":0,"20":0,"21":0,"22":0,"23":0,"24":1,"25":0,"26":0,"27":0,"28":0,"29":0,"30":0,"31":1},"f":{"0":0,"1":0,"2":0,"3":0,"4":0,"5":0,"6":0},"b":{"0":[0],"1":[0,0],"2":[0],"3":[0],"4":[0]}}
,"/Users/daveodden/Documents/web projects/un-moquer-hotelier-mantine/src/features/Dashboard/Dashboard.tsx": {"path":"/Users/daveodden/Documents/web projects/un-moquer-hotelier-mantine/src/features/Dashboard/Dashboard.tsx","statementMap":{"0":{"start":{"line":1,"column":0},"end":{"line":1,"column":42}},"1":{"start":{"line":3,"column":0},"end":{"line":3,"column":64}},"2":{"start":{"line":4,"column":0},"end":{"line":4,"column":40}},"3":{"start":{"line":5,"column":0},"end":{"line":5,"column":37}},"4":{"start":{"line":6,"column":0},"end":{"line":6,"column":43}},"5":{"start":{"line":7,"column":0},"end":{"line":7,"column":55}},"6":{"start":{"line":8,"column":0},"end":{"line":8,"column":55}},"7":{"start":{"line":9,"column":0},"end":{"line":9,"column":49}},"8":{"start":{"line":11,"column":15},"end":{"line":11,"column":18}},"9":{"start":{"line":12,"column":23},"end":{"line":21,"column":null}},"10":{"start":{"line":23,"column":39},"end":{"line":38,"column":1}},"11":{"start":{"line":24,"column":1},"end":{"line":37,"column":null}},"12":{"start":{"line":31,"column":5},"end":{"line":31,"column":43}},"13":{"start":{"line":23,"column":13},"end":{"line":23,"column":39}}},"fnMap":{"0":{"name":"(anonymous_0)","decl":{"start":{"line":23,"column":39},"end":{"line":23,"column":42}},"loc":{"start":{"line":23,"column":44},"end":{"line":38,"column":1}}},"1":{"name":"(anonymous_1)","decl":{"start":{"line":30,"column":24},"end":{"line":30,"column":25}},"loc":{"start":{"line":31,"column":5},"end":{"line":31,"column":43}}}},"branchMap":{},"s":{"0":1,"1":1,"2":1,"3":1,"4":1,"5":1,"6":1,"7":1,"8":1,"9":1,"10":1,"11":0,"12":0,"13":1},"f":{"0":0,"1":0},"b":{}}
,"/Users/daveodden/Documents/web projects/un-moquer-hotelier-mantine/src/features/Dashboard/asDashboardCard.tsx": {"path":"/Users/daveodden/Documents/web projects/un-moquer-hotelier-mantine/src/features/Dashboard/asDashboardCard.tsx","statementMap":{"0":{"start":{"line":1,"column":0},"end":{"line":1,"column":43}},"1":{"start":{"line":2,"column":0},"end":{"line":2,"column":44}},"2":{"start":{"line":5,"column":1},"end":{"line":19,"column":null}},"3":{"start":{"line":6,"column":2},"end":{"line":17,"column":null}},"4":{"start":{"line":4,"column":0},"end":{"line":4,"column":16}}},"fnMap":{"0":{"name":"asDashboardCard","decl":{"start":{"line":4,"column":16},"end":{"line":4,"column":31}},"loc":{"start":{"line":4,"column":78},"end":{"line":20,"column":1}}},"1":{"name":"(anonymous_2)","decl":{"start":{"line":5,"column":8},"end":{"line":5,"column":9}},"loc":{"start":{"line":6,"column":2},"end":{"line":17,"column":null}}}},"branchMap":{},"s":{"0":1,"1":1,"2":7,"3":0,"4":1},"f":{"0":7,"1":0},"b":{}}
,"/Users/daveodden/Documents/web projects/un-moquer-hotelier-mantine/src/features/Dashboard/Alerts/Alerts.tsx": {"path":"/Users/daveodden/Documents/web projects/un-moquer-hotelier-mantine/src/features/Dashboard/Alerts/Alerts.tsx","statementMap":{"0":{"start":{"line":1,"column":0},"end":{"line":1,"column":38}},"1":{"start":{"line":3,"column":0},"end":{"line":3,"column":52}},"2":{"start":{"line":4,"column":0},"end":{"line":4,"column":52}},"3":{"start":{"line":5,"column":0},"end":{"line":5,"column":57}},"4":{"start":{"line":6,"column":0},"end":{"line":6,"column":46}},"5":{"start":{"line":8,"column":43},"end":{"line":22,"column":1}},"6":{"start":{"line":9,"column":16},"end":{"line":9,"column":27}},"7":{"start":{"line":11,"column":1},"end":{"line":11,"column":null}},"8":{"start":{"line":11,"column":23},"end":{"line":11,"column":null}},"9":{"start":{"line":12,"column":1},"end":{"line":12,"column":null}},"10":{"start":{"line":12,"column":21},"end":{"line":12,"column":null}},"11":{"start":{"line":14,"column":1},"end":{"line":14,"column":null}},"12":{"start":{"line":16,"column":1},"end":{"line":21,"column":null}},"13":{"start":{"line":8,"column":13},"end":{"line":8,"column":43}},"14":{"start":{"line":24,"column":13},"end":{"line":24,"column":null}}},"fnMap":{"0":{"name":"(anonymous_0)","decl":{"start":{"line":8,"column":43},"end":{"line":8,"column":46}},"loc":{"start":{"line":8,"column":48},"end":{"line":22,"column":1}}}},"branchMap":{"0":{"loc":{"start":{"line":11,"column":1},"end":{"line":11,"column":null}},"type":"if","locations":[{"start":{"line":11,"column":1},"end":{"line":11,"column":null}}]},"1":{"loc":{"start":{"line":12,"column":1},"end":{"line":12,"column":null}},"type":"if","locations":[{"start":{"line":12,"column":1},"end":{"line":12,"column":null}}]}},"s":{"0":1,"1":1,"2":1,"3":1,"4":1,"5":1,"6":0,"7":0,"8":0,"9":0,"10":0,"11":0,"12":0,"13":1,"14":1},"f":{"0":0},"b":{"0":[0],"1":[0]}}
,"/Users/daveodden/Documents/web projects/un-moquer-hotelier-mantine/src/features/Dashboard/Alerts/Empty/AlertsListEmpty.tsx": {"path":"/Users/daveodden/Documents/web projects/un-moquer-hotelier-mantine/src/features/Dashboard/Alerts/Empty/AlertsListEmpty.tsx","statementMap":{"0":{"start":{"line":1,"column":0},"end":{"line":1,"column":67}},"1":{"start":{"line":2,"column":0},"end":{"line":2,"column":50}},"2":{"start":{"line":3,"column":0},"end":{"line":3,"column":25}},"3":{"start":{"line":5,"column":55},"end":{"line":23,"column":1}},"4":{"start":{"line":6,"column":1},"end":{"line":22,"column":null}},"5":{"start":{"line":5,"column":13},"end":{"line":5,"column":55}}},"fnMap":{"0":{"name":"(anonymous_1)","decl":{"start":{"line":5,"column":55},"end":{"line":5,"column":56}},"loc":{"start":{"line":5,"column":71},"end":{"line":23,"column":1}}}},"branchMap":{"0":{"loc":{"start":{"line":7,"column":2},"end":{"line":20,"column":null}},"type":"binary-expr","locations":[{"start":{"line":7,"column":2},"end":{"line":7,"column":9}},{"start":{"line":8,"column":3},"end":{"line":19,"column":null}}]}},"s":{"0":1,"1":1,"2":1,"3":1,"4":0,"5":1},"f":{"0":0},"b":{"0":[0,0]}}
,"/Users/daveodden/Documents/web projects/un-moquer-hotelier-mantine/src/features/Dashboard/Alerts/List/AlertsList.tsx": {"path":"/Users/daveodden/Documents/web projects/un-moquer-hotelier-mantine/src/features/Dashboard/Alerts/List/AlertsList.tsx","statementMap":{"0":{"start":{"line":1,"column":0},"end":{"line":1,"column":42}},"1":{"start":{"line":3,"column":0},"end":{"line":3,"column":49}},"2":{"start":{"line":4,"column":0},"end":{"line":4,"column":42}},"3":{"start":{"line":8,"column":5},"end":{"line":18,"column":1}},"4":{"start":{"line":9,"column":1},"end":{"line":17,"column":null}},"5":{"start":{"line":13,"column":5},"end":{"line":13,"column":37}},"6":{"start":{"line":6,"column":13},"end":{"line":6,"column":null}}},"fnMap":{"0":{"name":"(anonymous_1)","decl":{"start":{"line":8,"column":5},"end":{"line":8,"column":6}},"loc":{"start":{"line":8,"column":22},"end":{"line":18,"column":1}}},"1":{"name":"(anonymous_2)","decl":{"start":{"line":12,"column":18},"end":{"line":12,"column":19}},"loc":{"start":{"line":13,"column":5},"end":{"line":13,"column":37}}}},"branchMap":{"0":{"loc":{"start":{"line":10,"column":2},"end":{"line":15,"column":null}},"type":"binary-expr","locations":[{"start":{"line":10,"column":2},"end":{"line":10,"column":21}},{"start":{"line":11,"column":3},"end":{"line":14,"column":null}}]}},"s":{"0":1,"1":1,"2":1,"3":1,"4":0,"5":0,"6":1},"f":{"0":0,"1":0},"b":{"0":[0,0]}}
,"/Users/daveodden/Documents/web projects/un-moquer-hotelier-mantine/src/features/Dashboard/Alerts/List/AlertsListCard.tsx": {"path":"/Users/daveodden/Documents/web projects/un-moquer-hotelier-mantine/src/features/Dashboard/Alerts/List/AlertsListCard.tsx","statementMap":{"0":{"start":{"line":1,"column":0},"end":{"line":1,"column":49}},"1":{"start":{"line":6,"column":5},"end":{"line":26,"column":1}},"2":{"start":{"line":7,"column":1},"end":{"line":25,"column":null}},"3":{"start":{"line":4,"column":13},"end":{"line":4,"column":null}}},"fnMap":{"0":{"name":"(anonymous_0)","decl":{"start":{"line":6,"column":5},"end":{"line":6,"column":6}},"loc":{"start":{"line":6,"column":19},"end":{"line":26,"column":1}}}},"branchMap":{},"s":{"0":1,"1":1,"2":0,"3":1},"f":{"0":0},"b":{}}
,"/Users/daveodden/Documents/web projects/un-moquer-hotelier-mantine/src/features/Dashboard/Games/TicTacToe/GameBoard.tsx": {"path":"/Users/daveodden/Documents/web projects/un-moquer-hotelier-mantine/src/features/Dashboard/Games/TicTacToe/GameBoard.tsx","statementMap":{"0":{"start":{"line":1,"column":0},"end":{"line":1,"column":32}},"1":{"start":{"line":2,"column":0},"end":{"line":2,"column":53}},"2":{"start":{"line":3,"column":0},"end":{"line":3,"column":31}},"3":{"start":{"line":4,"column":0},"end":{"line":4,"column":31}},"4":{"start":{"line":6,"column":0},"end":{"line":6,"column":33}},"5":{"start":{"line":7,"column":0},"end":{"line":7,"column":47}},"6":{"start":{"line":8,"column":0},"end":{"line":8,"column":37}},"7":{"start":{"line":10,"column":18},"end":{"line":10,"column":37}},"8":{"start":{"line":12,"column":25},"end":{"line":83,"column":1}},"9":{"start":{"line":13,"column":31},"end":{"line":13,"column":45}},"10":{"start":{"line":14,"column":31},"end":{"line":14,"column":50}},"11":{"start":{"line":15,"column":43},"end":{"line":15,"column":62}},"12":{"start":{"line":17,"column":19},"end":{"line":21,"column":2}},"13":{"start":{"line":18,"column":2},"end":{"line":18,"column":null}},"14":{"start":{"line":19,"column":2},"end":{"line":19,"column":null}},"15":{"start":{"line":20,"column":2},"end":{"line":20,"column":null}},"16":{"start":{"line":23,"column":23},"end":{"line":23,"column":81}},"17":{"start":{"line":23,"column":58},"end":{"line":23,"column":81}},"18":{"start":{"line":25,"column":25},"end":{"line":43,"column":2}},"19":{"start":{"line":26,"column":16},"end":{"line":35,"column":null}},"20":{"start":{"line":36,"column":2},"end":{"line":41,"column":3}},"21":{"start":{"line":36,"column":15},"end":{"line":36,"column":16}},"22":{"start":{"line":37,"column":21},"end":{"line":37,"column":29}},"23":{"start":{"line":38,"column":3},"end":{"line":40,"column":4}},"24":{"start":{"line":39,"column":4},"end":{"line":39,"column":null}},"25":{"start":{"line":42,"column":2},"end":{"line":42,"column":null}},"26":{"start":{"line":45,"column":27},"end":{"line":54,"column":2}},"27":{"start":{"line":46,"column":2},"end":{"line":46,"column":56}},"28":{"start":{"line":46,"column":50},"end":{"line":46,"column":56}},"29":{"start":{"line":47,"column":22},"end":{"line":47,"column":37}},"30":{"start":{"line":48,"column":28},"end":{"line":48,"column":49}},"31":{"start":{"line":49,"column":2},"end":{"line":49,"column":null}},"32":{"start":{"line":50,"column":2},"end":{"line":50,"column":null}},"33":{"start":{"line":51,"column":2},"end":{"line":51,"column":null}},"34":{"start":{"line":52,"column":2},"end":{"line":52,"column":null}},"35":{"start":{"line":53,"column":2},"end":{"line":53,"column":null}},"36":{"start":{"line":56,"column":16},"end":{"line":56,"column":38}},"37":{"start":{"line":57,"column":16},"end":{"line":57,"column":40}},"38":{"start":{"line":59,"column":1},"end":{"line":59,"column":null}},"39":{"start":{"line":59,"column":13},"end":{"line":59,"column":null}},"40":{"start":{"line":61,"column":1},"end":{"line":82,"column":null}},"41":{"start":{"line":70,"column":5},"end":{"line":77,"column":null}},"42":{"start":{"line":72,"column":7},"end":{"line":75,"column":null}},"43":{"start":{"line":74,"column":29},"end":{"line":74,"column":52}},"44":{"start":{"line":12,"column":13},"end":{"line":12,"column":25}}},"fnMap":{"0":{"name":"(anonymous_0)","decl":{"start":{"line":12,"column":25},"end":{"line":12,"column":28}},"loc":{"start":{"line":12,"column":30},"end":{"line":83,"column":1}}},"1":{"name":"(anonymous_1)","decl":{"start":{"line":17,"column":19},"end":{"line":17,"column":22}},"loc":{"start":{"line":17,"column":24},"end":{"line":21,"column":2}}},"2":{"name":"(anonymous_2)","decl":{"start":{"line":23,"column":23},"end":{"line":23,"column":24}},"loc":{"start":{"line":23,"column":58},"end":{"line":23,"column":81}}},"3":{"name":"(anonymous_3)","decl":{"start":{"line":25,"column":25},"end":{"line":25,"column":26}},"loc":{"start":{"line":25,"column":59},"end":{"line":43,"column":2}}},"4":{"name":"(anonymous_4)","decl":{"start":{"line":45,"column":27},"end":{"line":45,"column":28}},"loc":{"start":{"line":45,"column":45},"end":{"line":54,"column":2}}},"5":{"name":"(anonymous_5)","decl":{"start":{"line":69,"column":5},"end":{"line":69,"column":6}},"loc":{"start":{"line":70,"column":5},"end":{"line":77,"column":null}}},"6":{"name":"(anonymous_6)","decl":{"start":{"line":71,"column":39},"end":{"line":71,"column":40}},"loc":{"start":{"line":72,"column":7},"end":{"line":75,"column":null}}},"7":{"name":"(anonymous_7)","decl":{"start":{"line":74,"column":23},"end":{"line":74,"column":26}},"loc":{"start":{"line":74,"column":29},"end":{"line":74,"column":52}}}},"branchMap":{"0":{"loc":{"start":{"line":38,"column":3},"end":{"line":40,"column":4}},"type":"if","locations":[{"start":{"line":38,"column":3},"end":{"line":40,"column":4}}]},"1":{"loc":{"start":{"line":38,"column":7},"end":{"line":38,"column":75}},"type":"binary-expr","locations":[{"start":{"line":38,"column":7},"end":{"line":38,"column":17}},{"start":{"line":38,"column":21},"end":{"line":38,"column":46}},{"start":{"line":38,"column":50},"end":{"line":38,"column":75}}]},"2":{"loc":{"start":{"line":46,"column":2},"end":{"line":46,"column":56}},"type":"if","locations":[{"start":{"line":46,"column":2},"end":{"line":46,"column":56}}]},"3":{"loc":{"start":{"line":46,"column":6},"end":{"line":46,"column":48}},"type":"binary-expr","locations":[{"start":{"line":46,"column":6},"end":{"line":46,"column":20}},{"start":{"line":46,"column":24},"end":{"line":46,"column":48}}]},"4":{"loc":{"start":{"line":49,"column":2},"end":{"line":49,"column":67}},"type":"cond-expr","locations":[{"start":{"line":49,"column":13},"end":{"line":49,"column":37}},{"start":{"line":49,"column":42},"end":{"line":49,"column":66}}]},"5":{"loc":{"start":{"line":50,"column":2},"end":{"line":50,"column":91}},"type":"cond-expr","locations":[{"start":{"line":50,"column":13},"end":{"line":50,"column":49}},{"start":{"line":50,"column":54},"end":{"line":50,"column":90}}]},"6":{"loc":{"start":{"line":59,"column":1},"end":{"line":59,"column":null}},"type":"if","locations":[{"start":{"line":59,"column":1},"end":{"line":59,"column":null}}]}},"s":{"0":1,"1":1,"2":1,"3":1,"4":1,"5":1,"6":1,"7":1,"8":1,"9":0,"10":0,"11":0,"12":0,"13":0,"14":0,"15":0,"16":0,"17":0,"18":0,"19":0,"20":0,"21":0,"22":0,"23":0,"24":0,"25":0,"26":0,"27":0,"28":0,"29":0,"30":0,"31":0,"32":0,"33":0,"34":0,"35":0,"36":0,"37":0,"38":0,"39":0,"40":0,"41":0,"42":0,"43":0,"44":1},"f":{"0":0,"1":0,"2":0,"3":0,"4":0,"5":0,"6":0,"7":0},"b":{"0":[0],"1":[0,0,0],"2":[0],"3":[0,0],"4":[0,0],"5":[0,0],"6":[0]}}
,"/Users/daveodden/Documents/web projects/un-moquer-hotelier-mantine/src/features/Dashboard/Games/TicTacToe/GameCompleted.tsx": {"path":"/Users/daveodden/Documents/web projects/un-moquer-hotelier-mantine/src/features/Dashboard/Games/TicTacToe/GameCompleted.tsx","statementMap":{"0":{"start":{"line":1,"column":0},"end":{"line":1,"column":87}},"1":{"start":{"line":2,"column":0},"end":{"line":2,"column":56}},"2":{"start":{"line":4,"column":0},"end":{"line":4,"column":31}},"3":{"start":{"line":5,"column":0},"end":{"line":5,"column":31}},"4":{"start":{"line":7,"column":81},"end":{"line":46,"column":1}},"5":{"start":{"line":11,"column":1},"end":{"line":45,"column":null}},"6":{"start":{"line":27,"column":7},"end":{"line":38,"column":null}},"7":{"start":{"line":7,"column":13},"end":{"line":7,"column":81}}},"fnMap":{"0":{"name":"(anonymous_1)","decl":{"start":{"line":7,"column":81},"end":{"line":7,"column":82}},"loc":{"start":{"line":10,"column":5},"end":{"line":46,"column":1}}},"1":{"name":"(anonymous_2)","decl":{"start":{"line":26,"column":7},"end":{"line":26,"column":8}},"loc":{"start":{"line":27,"column":7},"end":{"line":38,"column":null}}}},"branchMap":{"0":{"loc":{"start":{"line":13,"column":4},"end":{"line":16,"column":null}},"type":"binary-expr","locations":[{"start":{"line":13,"column":4},"end":{"line":13,"column":10}},{"start":{"line":14,"column":4},"end":{"line":15,"column":null}}]},"1":{"loc":{"start":{"line":33,"column":11},"end":{"line":33,"column":49}},"type":"cond-expr","locations":[{"start":{"line":33,"column":28},"end":{"line":33,"column":37}},{"start":{"line":33,"column":40},"end":{"line":33,"column":49}}]}},"s":{"0":1,"1":1,"2":1,"3":1,"4":1,"5":0,"6":0,"7":1},"f":{"0":0,"1":0},"b":{"0":[0,0],"1":[0,0]}}
,"/Users/daveodden/Documents/web projects/un-moquer-hotelier-mantine/src/features/Dashboard/Games/TicTacToe/GameTied.tsx": {"path":"/Users/daveodden/Documents/web projects/un-moquer-hotelier-mantine/src/features/Dashboard/Games/TicTacToe/GameTied.tsx","statementMap":{"0":{"start":{"line":1,"column":0},"end":{"line":1,"column":87}},"1":{"start":{"line":2,"column":0},"end":{"line":2,"column":57}},"2":{"start":{"line":4,"column":70},"end":{"line":33,"column":1}},"3":{"start":{"line":5,"column":1},"end":{"line":32,"column":null}},"4":{"start":{"line":15,"column":6},"end":{"line":26,"column":null}},"5":{"start":{"line":4,"column":13},"end":{"line":4,"column":70}}},"fnMap":{"0":{"name":"(anonymous_0)","decl":{"start":{"line":4,"column":70},"end":{"line":4,"column":71}},"loc":{"start":{"line":4,"column":92},"end":{"line":33,"column":1}}},"1":{"name":"(anonymous_1)","decl":{"start":{"line":14,"column":6},"end":{"line":14,"column":7}},"loc":{"start":{"line":15,"column":6},"end":{"line":26,"column":null}}}},"branchMap":{},"s":{"0":1,"1":1,"2":1,"3":0,"4":0,"5":1},"f":{"0":0,"1":0},"b":{}}
,"/Users/daveodden/Documents/web projects/un-moquer-hotelier-mantine/src/features/Dashboard/Games/TicTacToe/OIcon.tsx": {"path":"/Users/daveodden/Documents/web projects/un-moquer-hotelier-mantine/src/features/Dashboard/Games/TicTacToe/OIcon.tsx","statementMap":{"0":{"start":{"line":1,"column":0},"end":{"line":1,"column":41}},"1":{"start":{"line":2,"column":0},"end":{"line":2,"column":49}},"2":{"start":{"line":4,"column":21},"end":{"line":10,"column":1}},"3":{"start":{"line":5,"column":1},"end":{"line":9,"column":null}},"4":{"start":{"line":4,"column":13},"end":{"line":4,"column":21}}},"fnMap":{"0":{"name":"(anonymous_0)","decl":{"start":{"line":4,"column":21},"end":{"line":4,"column":24}},"loc":{"start":{"line":4,"column":26},"end":{"line":10,"column":1}}}},"branchMap":{},"s":{"0":1,"1":1,"2":1,"3":0,"4":1},"f":{"0":0},"b":{}}
,"/Users/daveodden/Documents/web projects/un-moquer-hotelier-mantine/src/features/Dashboard/Games/TicTacToe/Square.tsx": {"path":"/Users/daveodden/Documents/web projects/un-moquer-hotelier-mantine/src/features/Dashboard/Games/TicTacToe/Square.tsx","statementMap":{"0":{"start":{"line":1,"column":0},"end":{"line":1,"column":44}},"1":{"start":{"line":3,"column":73},"end":{"line":14,"column":1}},"2":{"start":{"line":7,"column":1},"end":{"line":13,"column":null}},"3":{"start":{"line":3,"column":13},"end":{"line":3,"column":73}}},"fnMap":{"0":{"name":"(anonymous_0)","decl":{"start":{"line":3,"column":73},"end":{"line":3,"column":74}},"loc":{"start":{"line":6,"column":5},"end":{"line":14,"column":1}}}},"branchMap":{},"s":{"0":1,"1":1,"2":0,"3":1},"f":{"0":0},"b":{}}
,"/Users/daveodden/Documents/web projects/un-moquer-hotelier-mantine/src/features/Dashboard/Games/TicTacToe/TicTacToe.tsx": {"path":"/Users/daveodden/Documents/web projects/un-moquer-hotelier-mantine/src/features/Dashboard/Games/TicTacToe/TicTacToe.tsx","statementMap":{"0":{"start":{"line":1,"column":0},"end":{"line":1,"column":55}},"1":{"start":{"line":3,"column":0},"end":{"line":3,"column":39}},"2":{"start":{"line":6,"column":32},"end":{"line":8,"column":1}},"3":{"start":{"line":7,"column":1},"end":{"line":7,"column":null}},"4":{"start":{"line":6,"column":13},"end":{"line":6,"column":32}},"5":{"start":{"line":10,"column":13},"end":{"line":10,"column":null}}},"fnMap":{"0":{"name":"(anonymous_0)","decl":{"start":{"line":6,"column":32},"end":{"line":6,"column":35}},"loc":{"start":{"line":6,"column":37},"end":{"line":8,"column":1}}}},"branchMap":{},"s":{"0":1,"1":1,"2":1,"3":0,"4":1,"5":1},"f":{"0":0},"b":{}}
,"/Users/daveodden/Documents/web projects/un-moquer-hotelier-mantine/src/features/Dashboard/Games/TicTacToe/XIcon.tsx": {"path":"/Users/daveodden/Documents/web projects/un-moquer-hotelier-mantine/src/features/Dashboard/Games/TicTacToe/XIcon.tsx","statementMap":{"0":{"start":{"line":1,"column":0},"end":{"line":1,"column":41}},"1":{"start":{"line":2,"column":0},"end":{"line":2,"column":58}},"2":{"start":{"line":4,"column":21},"end":{"line":10,"column":1}},"3":{"start":{"line":5,"column":1},"end":{"line":9,"column":null}},"4":{"start":{"line":4,"column":13},"end":{"line":4,"column":21}}},"fnMap":{"0":{"name":"(anonymous_0)","decl":{"start":{"line":4,"column":21},"end":{"line":4,"column":24}},"loc":{"start":{"line":4,"column":26},"end":{"line":10,"column":1}}}},"branchMap":{},"s":{"0":1,"1":1,"2":1,"3":0,"4":1},"f":{"0":0},"b":{}}
,"/Users/daveodden/Documents/web projects/un-moquer-hotelier-mantine/src/features/Dashboard/NoShows/NoShows.tsx": {"path":"/Users/daveodden/Documents/web projects/un-moquer-hotelier-mantine/src/features/Dashboard/NoShows/NoShows.tsx","statementMap":{"0":{"start":{"line":1,"column":0},"end":{"line":1,"column":32}},"1":{"start":{"line":2,"column":0},"end":{"line":2,"column":38}},"2":{"start":{"line":4,"column":0},"end":{"line":4,"column":54}},"3":{"start":{"line":5,"column":0},"end":{"line":5,"column":52}},"4":{"start":{"line":6,"column":0},"end":{"line":6,"column":50}},"5":{"start":{"line":7,"column":0},"end":{"line":7,"column":77}},"6":{"start":{"line":9,"column":0},"end":{"line":9,"column":57}},"7":{"start":{"line":10,"column":0},"end":{"line":10,"column":46}},"8":{"start":{"line":11,"column":0},"end":{"line":11,"column":49}},"9":{"start":{"line":13,"column":52},"end":{"line":39,"column":1}},"10":{"start":{"line":14,"column":35},"end":{"line":14,"column":51}},"11":{"start":{"line":15,"column":39},"end":{"line":15,"column":63}},"12":{"start":{"line":16,"column":24},"end":{"line":16,"column":80}},"13":{"start":{"line":17,"column":43},"end":{"line":17,"column":84}},"14":{"start":{"line":18,"column":24},"end":{"line":20,"column":null}},"15":{"start":{"line":20,"column":3},"end":{"line":20,"column":78}},"16":{"start":{"line":22,"column":25},"end":{"line":25,"column":2}},"17":{"start":{"line":23,"column":2},"end":{"line":23,"column":null}},"18":{"start":{"line":24,"column":2},"end":{"line":24,"column":null}},"19":{"start":{"line":26,"column":19},"end":{"line":26,"column":45}},"20":{"start":{"line":26,"column":25},"end":{"line":26,"column":45}},"21":{"start":{"line":27,"column":20},"end":{"line":27,"column":47}},"22":{"start":{"line":27,"column":26},"end":{"line":27,"column":47}},"23":{"start":{"line":29,"column":1},"end":{"line":29,"column":null}},"24":{"start":{"line":29,"column":64},"end":{"line":29,"column":null}},"25":{"start":{"line":30,"column":1},"end":{"line":30,"column":null}},"26":{"start":{"line":30,"column":58},"end":{"line":30,"column":null}},"27":{"start":{"line":32,"column":1},"end":{"line":38,"column":null}},"28":{"start":{"line":40,"column":13},"end":{"line":40,"column":null}}},"fnMap":{"0":{"name":"(anonymous_0)","decl":{"start":{"line":13,"column":52},"end":{"line":13,"column":55}},"loc":{"start":{"line":13,"column":57},"end":{"line":39,"column":1}}},"1":{"name":"(anonymous_1)","decl":{"start":{"line":19,"column":2},"end":{"line":19,"column":3}},"loc":{"start":{"line":20,"column":3},"end":{"line":20,"column":78}}},"2":{"name":"(anonymous_2)","decl":{"start":{"line":22,"column":25},"end":{"line":22,"column":26}},"loc":{"start":{"line":22,"column":41},"end":{"line":25,"column":2}}},"3":{"name":"(anonymous_3)","decl":{"start":{"line":26,"column":19},"end":{"line":26,"column":22}},"loc":{"start":{"line":26,"column":25},"end":{"line":26,"column":45}}},"4":{"name":"(anonymous_4)","decl":{"start":{"line":27,"column":20},"end":{"line":27,"column":23}},"loc":{"start":{"line":27,"column":26},"end":{"line":27,"column":47}}}},"branchMap":{"0":{"loc":{"start":{"line":20,"column":3},"end":{"line":20,"column":78}},"type":"binary-expr","locations":[{"start":{"line":20,"column":3},"end":{"line":20,"column":36}},{"start":{"line":20,"column":40},"end":{"line":20,"column":78}}]},"1":{"loc":{"start":{"line":29,"column":1},"end":{"line":29,"column":null}},"type":"if","locations":[{"start":{"line":29,"column":1},"end":{"line":29,"column":null}}]},"2":{"loc":{"start":{"line":29,"column":5},"end":{"line":29,"column":62}},"type":"binary-expr","locations":[{"start":{"line":29,"column":5},"end":{"line":29,"column":21}},{"start":{"line":29,"column":25},"end":{"line":29,"column":40}},{"start":{"line":29,"column":44},"end":{"line":29,"column":62}}]},"3":{"loc":{"start":{"line":30,"column":1},"end":{"line":30,"column":null}},"type":"if","locations":[{"start":{"line":30,"column":1},"end":{"line":30,"column":null}}]},"4":{"loc":{"start":{"line":30,"column":5},"end":{"line":30,"column":56}},"type":"binary-expr","locations":[{"start":{"line":30,"column":5},"end":{"line":30,"column":19}},{"start":{"line":30,"column":23},"end":{"line":30,"column":36}},{"start":{"line":30,"column":40},"end":{"line":30,"column":56}}]}},"s":{"0":1,"1":1,"2":1,"3":1,"4":1,"5":1,"6":1,"7":1,"8":1,"9":1,"10":0,"11":0,"12":0,"13":0,"14":0,"15":0,"16":0,"17":0,"18":0,"19":0,"20":0,"21":0,"22":0,"23":0,"24":0,"25":0,"26":0,"27":0,"28":1},"f":{"0":0,"1":0,"2":0,"3":0,"4":0},"b":{"0":[0,0],"1":[0],"2":[0,0,0],"3":[0],"4":[0,0,0]}}
,"/Users/daveodden/Documents/web projects/un-moquer-hotelier-mantine/src/features/Dashboard/NoShows/Empty/NoShowListEmpty.tsx": {"path":"/Users/daveodden/Documents/web projects/un-moquer-hotelier-mantine/src/features/Dashboard/NoShows/Empty/NoShowListEmpty.tsx","statementMap":{"0":{"start":{"line":1,"column":0},"end":{"line":1,"column":67}},"1":{"start":{"line":2,"column":0},"end":{"line":2,"column":50}},"2":{"start":{"line":3,"column":0},"end":{"line":3,"column":25}},"3":{"start":{"line":5,"column":55},"end":{"line":23,"column":1}},"4":{"start":{"line":6,"column":1},"end":{"line":22,"column":null}},"5":{"start":{"line":5,"column":13},"end":{"line":5,"column":55}}},"fnMap":{"0":{"name":"(anonymous_1)","decl":{"start":{"line":5,"column":55},"end":{"line":5,"column":56}},"loc":{"start":{"line":5,"column":71},"end":{"line":23,"column":1}}}},"branchMap":{"0":{"loc":{"start":{"line":7,"column":2},"end":{"line":20,"column":null}},"type":"binary-expr","locations":[{"start":{"line":7,"column":2},"end":{"line":7,"column":9}},{"start":{"line":8,"column":3},"end":{"line":19,"column":null}}]}},"s":{"0":1,"1":1,"2":1,"3":1,"4":0,"5":1},"f":{"0":0},"b":{"0":[0,0]}}
,"/Users/daveodden/Documents/web projects/un-moquer-hotelier-mantine/src/features/Dashboard/NoShows/List/NoShowCard.tsx": {"path":"/Users/daveodden/Documents/web projects/un-moquer-hotelier-mantine/src/features/Dashboard/NoShows/List/NoShowCard.tsx","statementMap":{"0":{"start":{"line":1,"column":0},"end":{"line":1,"column":49}},"1":{"start":{"line":7,"column":5},"end":{"line":27,"column":1}},"2":{"start":{"line":8,"column":1},"end":{"line":26,"column":null}},"3":{"start":{"line":4,"column":13},"end":{"line":4,"column":null}}},"fnMap":{"0":{"name":"(anonymous_0)","decl":{"start":{"line":7,"column":5},"end":{"line":7,"column":6}},"loc":{"start":{"line":7,"column":21},"end":{"line":27,"column":1}}}},"branchMap":{},"s":{"0":1,"1":1,"2":0,"3":1},"f":{"0":0},"b":{}}
,"/Users/daveodden/Documents/web projects/un-moquer-hotelier-mantine/src/features/Dashboard/NoShows/List/NoShowList.tsx": {"path":"/Users/daveodden/Documents/web projects/un-moquer-hotelier-mantine/src/features/Dashboard/NoShows/List/NoShowList.tsx","statementMap":{"0":{"start":{"line":1,"column":0},"end":{"line":1,"column":42}},"1":{"start":{"line":2,"column":0},"end":{"line":2,"column":41}},"2":{"start":{"line":4,"column":0},"end":{"line":4,"column":43}},"3":{"start":{"line":9,"column":5},"end":{"line":19,"column":1}},"4":{"start":{"line":10,"column":1},"end":{"line":18,"column":null}},"5":{"start":{"line":14,"column":5},"end":{"line":14,"column":35}},"6":{"start":{"line":6,"column":13},"end":{"line":6,"column":null}}},"fnMap":{"0":{"name":"(anonymous_1)","decl":{"start":{"line":9,"column":5},"end":{"line":9,"column":6}},"loc":{"start":{"line":9,"column":40},"end":{"line":19,"column":1}}},"1":{"name":"(anonymous_2)","decl":{"start":{"line":13,"column":18},"end":{"line":13,"column":19}},"loc":{"start":{"line":14,"column":5},"end":{"line":14,"column":35}}}},"branchMap":{"0":{"loc":{"start":{"line":11,"column":2},"end":{"line":16,"column":null}},"type":"binary-expr","locations":[{"start":{"line":11,"column":2},"end":{"line":11,"column":21}},{"start":{"line":12,"column":3},"end":{"line":15,"column":null}}]}},"s":{"0":1,"1":1,"2":1,"3":1,"4":0,"5":0,"6":1},"f":{"0":0,"1":0},"b":{"0":[0,0]}}
,"/Users/daveodden/Documents/web projects/un-moquer-hotelier-mantine/src/features/Dashboard/NoShows/Modal/NoShowModal.tsx": {"path":"/Users/daveodden/Documents/web projects/un-moquer-hotelier-mantine/src/features/Dashboard/NoShows/Modal/NoShowModal.tsx","statementMap":{"0":{"start":{"line":1,"column":0},"end":{"line":1,"column":43}},"1":{"start":{"line":2,"column":0},"end":{"line":2,"column":25}},"2":{"start":{"line":4,"column":0},"end":{"line":4,"column":89}},"3":{"start":{"line":6,"column":89},"end":{"line":29,"column":1}},"4":{"start":{"line":11,"column":1},"end":{"line":28,"column":null}},"5":{"start":{"line":6,"column":13},"end":{"line":6,"column":89}}},"fnMap":{"0":{"name":"(anonymous_1)","decl":{"start":{"line":6,"column":89},"end":{"line":6,"column":90}},"loc":{"start":{"line":10,"column":5},"end":{"line":29,"column":1}}}},"branchMap":{},"s":{"0":1,"1":1,"2":1,"3":1,"4":0,"5":1},"f":{"0":0},"b":{}}
,"/Users/daveodden/Documents/web projects/un-moquer-hotelier-mantine/src/features/Dashboard/Occupants/Occupants.tsx": {"path":"/Users/daveodden/Documents/web projects/un-moquer-hotelier-mantine/src/features/Dashboard/Occupants/Occupants.tsx","statementMap":{"0":{"start":{"line":1,"column":0},"end":{"line":1,"column":32}},"1":{"start":{"line":2,"column":0},"end":{"line":2,"column":77}},"2":{"start":{"line":3,"column":0},"end":{"line":3,"column":38}},"3":{"start":{"line":5,"column":0},"end":{"line":5,"column":54}},"4":{"start":{"line":6,"column":0},"end":{"line":6,"column":52}},"5":{"start":{"line":8,"column":0},"end":{"line":8,"column":63}},"6":{"start":{"line":9,"column":0},"end":{"line":9,"column":52}},"7":{"start":{"line":10,"column":0},"end":{"line":10,"column":53}},"8":{"start":{"line":12,"column":46},"end":{"line":36,"column":1}},"9":{"start":{"line":13,"column":39},"end":{"line":13,"column":63}},"10":{"start":{"line":14,"column":35},"end":{"line":14,"column":51}},"11":{"start":{"line":15,"column":24},"end":{"line":15,"column":80}},"12":{"start":{"line":16,"column":27},"end":{"line":17,"column":null}},"13":{"start":{"line":17,"column":31},"end":{"line":17,"column":53}},"14":{"start":{"line":20,"column":25},"end":{"line":22,"column":2}},"15":{"start":{"line":21,"column":2},"end":{"line":21,"column":null}},"16":{"start":{"line":23,"column":19},"end":{"line":23,"column":45}},"17":{"start":{"line":23,"column":25},"end":{"line":23,"column":45}},"18":{"start":{"line":24,"column":20},"end":{"line":24,"column":47}},"19":{"start":{"line":24,"column":26},"end":{"line":24,"column":47}},"20":{"start":{"line":26,"column":1},"end":{"line":26,"column":null}},"21":{"start":{"line":26,"column":25},"end":{"line":26,"column":null}},"22":{"start":{"line":27,"column":1},"end":{"line":27,"column":null}},"23":{"start":{"line":27,"column":23},"end":{"line":27,"column":null}},"24":{"start":{"line":29,"column":1},"end":{"line":35,"column":null}},"25":{"start":{"line":12,"column":13},"end":{"line":12,"column":46}},"26":{"start":{"line":38,"column":13},"end":{"line":38,"column":null}}},"fnMap":{"0":{"name":"(anonymous_0)","decl":{"start":{"line":12,"column":46},"end":{"line":12,"column":49}},"loc":{"start":{"line":12,"column":51},"end":{"line":36,"column":1}}},"1":{"name":"(anonymous_1)","decl":{"start":{"line":17,"column":2},"end":{"line":17,"column":3}},"loc":{"start":{"line":17,"column":31},"end":{"line":17,"column":53}}},"2":{"name":"(anonymous_2)","decl":{"start":{"line":20,"column":25},"end":{"line":20,"column":28}},"loc":{"start":{"line":20,"column":30},"end":{"line":22,"column":2}}},"3":{"name":"(anonymous_3)","decl":{"start":{"line":23,"column":19},"end":{"line":23,"column":22}},"loc":{"start":{"line":23,"column":25},"end":{"line":23,"column":45}}},"4":{"name":"(anonymous_4)","decl":{"start":{"line":24,"column":20},"end":{"line":24,"column":23}},"loc":{"start":{"line":24,"column":26},"end":{"line":24,"column":47}}}},"branchMap":{"0":{"loc":{"start":{"line":26,"column":1},"end":{"line":26,"column":null}},"type":"if","locations":[{"start":{"line":26,"column":1},"end":{"line":26,"column":null}}]},"1":{"loc":{"start":{"line":27,"column":1},"end":{"line":27,"column":null}},"type":"if","locations":[{"start":{"line":27,"column":1},"end":{"line":27,"column":null}}]}},"s":{"0":1,"1":1,"2":1,"3":1,"4":1,"5":1,"6":1,"7":1,"8":1,"9":0,"10":0,"11":0,"12":0,"13":0,"14":0,"15":0,"16":0,"17":0,"18":0,"19":0,"20":0,"21":0,"22":0,"23":0,"24":0,"25":1,"26":1},"f":{"0":0,"1":0,"2":0,"3":0,"4":0},"b":{"0":[0],"1":[0]}}
,"/Users/daveodden/Documents/web projects/un-moquer-hotelier-mantine/src/features/Dashboard/Occupants/Empty/OccupantsListEmpty.tsx": {"path":"/Users/daveodden/Documents/web projects/un-moquer-hotelier-mantine/src/features/Dashboard/Occupants/Empty/OccupantsListEmpty.tsx","statementMap":{"0":{"start":{"line":1,"column":0},"end":{"line":1,"column":67}},"1":{"start":{"line":2,"column":0},"end":{"line":2,"column":54}},"2":{"start":{"line":3,"column":0},"end":{"line":3,"column":25}},"3":{"start":{"line":5,"column":58},"end":{"line":23,"column":1}},"4":{"start":{"line":6,"column":1},"end":{"line":22,"column":null}},"5":{"start":{"line":5,"column":13},"end":{"line":5,"column":58}}},"fnMap":{"0":{"name":"(anonymous_1)","decl":{"start":{"line":5,"column":58},"end":{"line":5,"column":59}},"loc":{"start":{"line":5,"column":74},"end":{"line":23,"column":1}}}},"branchMap":{"0":{"loc":{"start":{"line":7,"column":2},"end":{"line":20,"column":null}},"type":"binary-expr","locations":[{"start":{"line":7,"column":2},"end":{"line":7,"column":9}},{"start":{"line":8,"column":3},"end":{"line":19,"column":null}}]}},"s":{"0":1,"1":1,"2":1,"3":1,"4":0,"5":1},"f":{"0":0},"b":{"0":[0,0]}}
,"/Users/daveodden/Documents/web projects/un-moquer-hotelier-mantine/src/features/Dashboard/Occupants/List/OccupantsList.tsx": {"path":"/Users/daveodden/Documents/web projects/un-moquer-hotelier-mantine/src/features/Dashboard/Occupants/List/OccupantsList.tsx","statementMap":{"0":{"start":{"line":3,"column":0},"end":{"line":3,"column":61}},"1":{"start":{"line":4,"column":0},"end":{"line":4,"column":45}},"2":{"start":{"line":9,"column":5},"end":{"line":35,"column":1}},"3":{"start":{"line":10,"column":1},"end":{"line":34,"column":null}},"4":{"start":{"line":14,"column":5},"end":{"line":20,"column":null}},"5":{"start":{"line":6,"column":13},"end":{"line":6,"column":null}}},"fnMap":{"0":{"name":"(anonymous_1)","decl":{"start":{"line":9,"column":5},"end":{"line":9,"column":6}},"loc":{"start":{"line":9,"column":22},"end":{"line":35,"column":1}}},"1":{"name":"(anonymous_2)","decl":{"start":{"line":13,"column":18},"end":{"line":13,"column":19}},"loc":{"start":{"line":14,"column":5},"end":{"line":20,"column":null}}}},"branchMap":{"0":{"loc":{"start":{"line":11,"column":2},"end":{"line":32,"column":null}},"type":"binary-expr","locations":[{"start":{"line":11,"column":2},"end":{"line":11,"column":21}},{"start":{"line":12,"column":3},"end":{"line":31,"column":null}}]}},"s":{"0":1,"1":1,"2":1,"3":0,"4":0,"5":1},"f":{"0":0,"1":0},"b":{"0":[0,0]}}
,"/Users/daveodden/Documents/web projects/un-moquer-hotelier-mantine/src/features/Dashboard/Occupants/Modal/OccupantModal.tsx": {"path":"/Users/daveodden/Documents/web projects/un-moquer-hotelier-mantine/src/features/Dashboard/Occupants/Modal/OccupantModal.tsx","statementMap":{"0":{"start":{"line":1,"column":0},"end":{"line":1,"column":43}},"1":{"start":{"line":2,"column":0},"end":{"line":2,"column":25}},"2":{"start":{"line":4,"column":0},"end":{"line":4,"column":89}},"3":{"start":{"line":6,"column":91},"end":{"line":29,"column":1}},"4":{"start":{"line":11,"column":1},"end":{"line":28,"column":null}},"5":{"start":{"line":6,"column":13},"end":{"line":6,"column":91}}},"fnMap":{"0":{"name":"(anonymous_1)","decl":{"start":{"line":6,"column":91},"end":{"line":6,"column":92}},"loc":{"start":{"line":10,"column":5},"end":{"line":29,"column":1}}}},"branchMap":{},"s":{"0":1,"1":1,"2":1,"3":1,"4":0,"5":1},"f":{"0":0},"b":{}}
,"/Users/daveodden/Documents/web projects/un-moquer-hotelier-mantine/src/features/Dashboard/Tasks/Tasks.tsx": {"path":"/Users/daveodden/Documents/web projects/un-moquer-hotelier-mantine/src/features/Dashboard/Tasks/Tasks.tsx","statementMap":{"0":{"start":{"line":1,"column":0},"end":{"line":1,"column":100}},"1":{"start":{"line":4,"column":0},"end":{"line":4,"column":52}},"2":{"start":{"line":5,"column":0},"end":{"line":5,"column":65}},"3":{"start":{"line":6,"column":0},"end":{"line":6,"column":59}},"4":{"start":{"line":7,"column":0},"end":{"line":7,"column":40}},"5":{"start":{"line":9,"column":42},"end":{"line":9,"column":46}},"6":{"start":{"line":11,"column":42},"end":{"line":91,"column":1}},"7":{"start":{"line":12,"column":45},"end":{"line":12,"column":55}},"8":{"start":{"line":13,"column":53},"end":{"line":15,"column":null}},"9":{"start":{"line":18,"column":32},"end":{"line":18,"column":47}},"10":{"start":{"line":20,"column":29},"end":{"line":21,"column":36}},"11":{"start":{"line":21,"column":2},"end":{"line":21,"column":36}},"12":{"start":{"line":23,"column":27},"end":{"line":32,"column":2}},"13":{"start":{"line":24,"column":16},"end":{"line":28,"column":null}},"14":{"start":{"line":29,"column":2},"end":{"line":31,"column":null}},"15":{"start":{"line":30,"column":28},"end":{"line":30,"column":53}},"16":{"start":{"line":34,"column":25},"end":{"line":36,"column":2}},"17":{"start":{"line":35,"column":2},"end":{"line":35,"column":null}},"18":{"start":{"line":38,"column":1},"end":{"line":38,"column":null}},"19":{"start":{"line":38,"column":16},"end":{"line":38,"column":null}},"20":{"start":{"line":39,"column":1},"end":{"line":39,"column":null}},"21":{"start":{"line":39,"column":14},"end":{"line":39,"column":null}},"22":{"start":{"line":41,"column":25},"end":{"line":43,"column":52}},"23":{"start":{"line":43,"column":34},"end":{"line":43,"column":51}},"24":{"start":{"line":45,"column":1},"end":{"line":90,"column":null}},"25":{"start":{"line":57,"column":26},"end":{"line":57,"column":76}},"26":{"start":{"line":64,"column":6},"end":{"line":70,"column":null}},"27":{"start":{"line":78,"column":30},"end":{"line":78,"column":88}},"28":{"start":{"line":11,"column":13},"end":{"line":11,"column":42}},"29":{"start":{"line":93,"column":13},"end":{"line":93,"column":null}}},"fnMap":{"0":{"name":"(anonymous_1)","decl":{"start":{"line":11,"column":42},"end":{"line":11,"column":45}},"loc":{"start":{"line":11,"column":47},"end":{"line":91,"column":1}}},"1":{"name":"(anonymous_2)","decl":{"start":{"line":20,"column":29},"end":{"line":20,"column":30}},"loc":{"start":{"line":21,"column":2},"end":{"line":21,"column":36}}},"2":{"name":"(anonymous_3)","decl":{"start":{"line":23,"column":27},"end":{"line":23,"column":28}},"loc":{"start":{"line":23,"column":64},"end":{"line":32,"column":2}}},"3":{"name":"(anonymous_4)","decl":{"start":{"line":30,"column":14},"end":{"line":30,"column":15}},"loc":{"start":{"line":30,"column":28},"end":{"line":30,"column":53}}},"4":{"name":"(anonymous_5)","decl":{"start":{"line":34,"column":25},"end":{"line":34,"column":26}},"loc":{"start":{"line":34,"column":49},"end":{"line":36,"column":2}}},"5":{"name":"(anonymous_6)","decl":{"start":{"line":43,"column":17},"end":{"line":43,"column":18}},"loc":{"start":{"line":43,"column":34},"end":{"line":43,"column":51}}},"6":{"name":"(anonymous_7)","decl":{"start":{"line":57,"column":15},"end":{"line":57,"column":16}},"loc":{"start":{"line":57,"column":26},"end":{"line":57,"column":76}}},"7":{"name":"(anonymous_8)","decl":{"start":{"line":63,"column":25},"end":{"line":63,"column":26}},"loc":{"start":{"line":64,"column":6},"end":{"line":70,"column":null}}},"8":{"name":"(anonymous_9)","decl":{"start":{"line":78,"column":19},"end":{"line":78,"column":20}},"loc":{"start":{"line":78,"column":30},"end":{"line":78,"column":88}}}},"branchMap":{"0":{"loc":{"start":{"line":38,"column":1},"end":{"line":38,"column":null}},"type":"if","locations":[{"start":{"line":38,"column":1},"end":{"line":38,"column":null}}]},"1":{"loc":{"start":{"line":39,"column":1},"end":{"line":39,"column":null}},"type":"if","locations":[{"start":{"line":39,"column":1},"end":{"line":39,"column":null}}]},"2":{"loc":{"start":{"line":41,"column":25},"end":{"line":43,"column":52}},"type":"cond-expr","locations":[{"start":{"line":42,"column":4},"end":{"line":42,"column":9}},{"start":{"line":43,"column":4},"end":{"line":43,"column":52}}]},"3":{"loc":{"start":{"line":62,"column":5},"end":{"line":87,"column":7}},"type":"binary-expr","locations":[{"start":{"line":62,"column":5},"end":{"line":62,"column":20}},{"start":{"line":63,"column":5},"end":{"line":87,"column":7}}]}},"s":{"0":1,"1":1,"2":1,"3":1,"4":1,"5":1,"6":1,"7":0,"8":0,"9":0,"10":0,"11":0,"12":0,"13":0,"14":0,"15":0,"16":0,"17":0,"18":0,"19":0,"20":0,"21":0,"22":0,"23":0,"24":0,"25":0,"26":0,"27":0,"28":1,"29":1},"f":{"0":0,"1":0,"2":0,"3":0,"4":0,"5":0,"6":0,"7":0,"8":0},"b":{"0":[0],"1":[0],"2":[0,0],"3":[0,0]}}
,"/Users/daveodden/Documents/web projects/un-moquer-hotelier-mantine/src/features/Dashboard/TodaysCheckins/TodaysCheckins.tsx": {"path":"/Users/daveodden/Documents/web projects/un-moquer-hotelier-mantine/src/features/Dashboard/TodaysCheckins/TodaysCheckins.tsx","statementMap":{"0":{"start":{"line":1,"column":0},"end":{"line":1,"column":32}},"1":{"start":{"line":2,"column":0},"end":{"line":2,"column":38}},"2":{"start":{"line":3,"column":0},"end":{"line":3,"column":25}},"3":{"start":{"line":5,"column":0},"end":{"line":5,"column":52}},"4":{"start":{"line":6,"column":0},"end":{"line":6,"column":50}},"5":{"start":{"line":7,"column":0},"end":{"line":7,"column":62}},"6":{"start":{"line":8,"column":0},"end":{"line":8,"column":52}},"7":{"start":{"line":9,"column":0},"end":{"line":9,"column":77}},"8":{"start":{"line":11,"column":0},"end":{"line":11,"column":61}},"9":{"start":{"line":12,"column":0},"end":{"line":12,"column":59}},"10":{"start":{"line":13,"column":0},"end":{"line":13,"column":51}},"11":{"start":{"line":15,"column":86},"end":{"line":50,"column":1}},"12":{"start":{"line":18,"column":22},"end":{"line":18,"column":53}},"13":{"start":{"line":19,"column":20},"end":{"line":19,"column":49}},"14":{"start":{"line":20,"column":16},"end":{"line":20,"column":27}},"15":{"start":{"line":21,"column":15},"end":{"line":21,"column":25}},"16":{"start":{"line":22,"column":24},"end":{"line":25,"column":3}},"17":{"start":{"line":26,"column":24},"end":{"line":26,"column":86}},"18":{"start":{"line":27,"column":39},"end":{"line":27,"column":63}},"19":{"start":{"line":28,"column":43},"end":{"line":28,"column":84}},"20":{"start":{"line":29,"column":29},"end":{"line":30,"column":null}},"21":{"start":{"line":30,"column":31},"end":{"line":30,"column":58}},"22":{"start":{"line":33,"column":25},"end":{"line":36,"column":2}},"23":{"start":{"line":34,"column":2},"end":{"line":34,"column":null}},"24":{"start":{"line":35,"column":2},"end":{"line":35,"column":null}},"25":{"start":{"line":37,"column":19},"end":{"line":37,"column":45}},"26":{"start":{"line":37,"column":25},"end":{"line":37,"column":45}},"27":{"start":{"line":38,"column":20},"end":{"line":38,"column":47}},"28":{"start":{"line":38,"column":26},"end":{"line":38,"column":47}},"29":{"start":{"line":40,"column":1},"end":{"line":40,"column":null}},"30":{"start":{"line":40,"column":70},"end":{"line":40,"column":null}},"31":{"start":{"line":41,"column":1},"end":{"line":41,"column":null}},"32":{"start":{"line":41,"column":64},"end":{"line":41,"column":null}},"33":{"start":{"line":43,"column":1},"end":{"line":49,"column":null}},"34":{"start":{"line":15,"column":13},"end":{"line":15,"column":86}},"35":{"start":{"line":52,"column":13},"end":{"line":52,"column":null}}},"fnMap":{"0":{"name":"(anonymous_1)","decl":{"start":{"line":15,"column":86},"end":{"line":15,"column":87}},"loc":{"start":{"line":17,"column":5},"end":{"line":50,"column":1}}},"1":{"name":"(anonymous_2)","decl":{"start":{"line":30,"column":2},"end":{"line":30,"column":3}},"loc":{"start":{"line":30,"column":31},"end":{"line":30,"column":58}}},"2":{"name":"(anonymous_3)","decl":{"start":{"line":33,"column":25},"end":{"line":33,"column":26}},"loc":{"start":{"line":33,"column":56},"end":{"line":36,"column":2}}},"3":{"name":"(anonymous_4)","decl":{"start":{"line":37,"column":19},"end":{"line":37,"column":22}},"loc":{"start":{"line":37,"column":25},"end":{"line":37,"column":45}}},"4":{"name":"(anonymous_5)","decl":{"start":{"line":38,"column":20},"end":{"line":38,"column":23}},"loc":{"start":{"line":38,"column":26},"end":{"line":38,"column":47}}}},"branchMap":{"0":{"loc":{"start":{"line":40,"column":1},"end":{"line":40,"column":null}},"type":"if","locations":[{"start":{"line":40,"column":1},"end":{"line":40,"column":null}}]},"1":{"loc":{"start":{"line":40,"column":5},"end":{"line":40,"column":68}},"type":"binary-expr","locations":[{"start":{"line":40,"column":5},"end":{"line":40,"column":21}},{"start":{"line":40,"column":25},"end":{"line":40,"column":40}},{"start":{"line":40,"column":44},"end":{"line":40,"column":68}}]},"2":{"loc":{"start":{"line":41,"column":1},"end":{"line":41,"column":null}},"type":"if","locations":[{"start":{"line":41,"column":1},"end":{"line":41,"column":null}}]},"3":{"loc":{"start":{"line":41,"column":5},"end":{"line":41,"column":62}},"type":"binary-expr","locations":[{"start":{"line":41,"column":5},"end":{"line":41,"column":19}},{"start":{"line":41,"column":23},"end":{"line":41,"column":36}},{"start":{"line":41,"column":40},"end":{"line":41,"column":62}}]}},"s":{"0":1,"1":1,"2":1,"3":1,"4":1,"5":1,"6":1,"7":1,"8":1,"9":1,"10":1,"11":1,"12":0,"13":0,"14":0,"15":0,"16":0,"17":0,"18":0,"19":0,"20":0,"21":0,"22":0,"23":0,"24":0,"25":0,"26":0,"27":0,"28":0,"29":0,"30":0,"31":0,"32":0,"33":0,"34":1,"35":1},"f":{"0":0,"1":0,"2":0,"3":0,"4":0},"b":{"0":[0],"1":[0,0,0],"2":[0],"3":[0,0,0]}}
,"/Users/daveodden/Documents/web projects/un-moquer-hotelier-mantine/src/features/Dashboard/TodaysCheckins/Empty/CheckinsListEmpty.tsx": {"path":"/Users/daveodden/Documents/web projects/un-moquer-hotelier-mantine/src/features/Dashboard/TodaysCheckins/Empty/CheckinsListEmpty.tsx","statementMap":{"0":{"start":{"line":1,"column":0},"end":{"line":1,"column":67}},"1":{"start":{"line":2,"column":0},"end":{"line":2,"column":51}},"2":{"start":{"line":3,"column":0},"end":{"line":3,"column":25}},"3":{"start":{"line":5,"column":63},"end":{"line":23,"column":1}},"4":{"start":{"line":6,"column":1},"end":{"line":22,"column":null}},"5":{"start":{"line":5,"column":13},"end":{"line":5,"column":63}}},"fnMap":{"0":{"name":"(anonymous_1)","decl":{"start":{"line":5,"column":63},"end":{"line":5,"column":64}},"loc":{"start":{"line":5,"column":90},"end":{"line":23,"column":1}}}},"branchMap":{"0":{"loc":{"start":{"line":7,"column":2},"end":{"line":20,"column":null}},"type":"binary-expr","locations":[{"start":{"line":7,"column":2},"end":{"line":7,"column":9}},{"start":{"line":8,"column":3},"end":{"line":19,"column":null}}]},"1":{"loc":{"start":{"line":14,"column":10},"end":{"line":14,"column":39}},"type":"cond-expr","locations":[{"start":{"line":14,"column":23},"end":{"line":14,"column":34}},{"start":{"line":14,"column":37},"end":{"line":14,"column":39}}]}},"s":{"0":1,"1":1,"2":1,"3":1,"4":0,"5":1},"f":{"0":0},"b":{"0":[0,0],"1":[0,0]}}
,"/Users/daveodden/Documents/web projects/un-moquer-hotelier-mantine/src/features/Dashboard/TodaysCheckins/List/CheckinsListContainer.tsx": {"path":"/Users/daveodden/Documents/web projects/un-moquer-hotelier-mantine/src/features/Dashboard/TodaysCheckins/List/CheckinsListContainer.tsx","statementMap":{"0":{"start":{"line":1,"column":0},"end":{"line":1,"column":42}},"1":{"start":{"line":2,"column":0},"end":{"line":2,"column":55}},"2":{"start":{"line":4,"column":0},"end":{"line":4,"column":50}},"3":{"start":{"line":9,"column":5},"end":{"line":23,"column":1}},"4":{"start":{"line":10,"column":1},"end":{"line":22,"column":null}},"5":{"start":{"line":14,"column":5},"end":{"line":15,"column":null}},"6":{"start":{"line":6,"column":13},"end":{"line":6,"column":null}}},"fnMap":{"0":{"name":"(anonymous_1)","decl":{"start":{"line":9,"column":5},"end":{"line":9,"column":6}},"loc":{"start":{"line":9,"column":40},"end":{"line":23,"column":1}}},"1":{"name":"(anonymous_2)","decl":{"start":{"line":13,"column":18},"end":{"line":13,"column":19}},"loc":{"start":{"line":14,"column":5},"end":{"line":15,"column":null}}}},"branchMap":{"0":{"loc":{"start":{"line":11,"column":2},"end":{"line":20,"column":null}},"type":"binary-expr","locations":[{"start":{"line":11,"column":2},"end":{"line":11,"column":21}},{"start":{"line":12,"column":3},"end":{"line":19,"column":null}}]}},"s":{"0":1,"1":1,"2":1,"3":1,"4":0,"5":0,"6":1},"f":{"0":0,"1":0},"b":{"0":[0,0]}}
,"/Users/daveodden/Documents/web projects/un-moquer-hotelier-mantine/src/features/Dashboard/TodaysCheckins/List/CheckinsListItems.tsx": {"path":"/Users/daveodden/Documents/web projects/un-moquer-hotelier-mantine/src/features/Dashboard/TodaysCheckins/List/CheckinsListItems.tsx","statementMap":{"0":{"start":{"line":1,"column":0},"end":{"line":1,"column":71}},"1":{"start":{"line":2,"column":0},"end":{"line":2,"column":25}},"2":{"start":{"line":4,"column":0},"end":{"line":4,"column":56}},"3":{"start":{"line":6,"column":0},"end":{"line":6,"column":50}},"4":{"start":{"line":11,"column":5},"end":{"line":48,"column":1}},"5":{"start":{"line":12,"column":1},"end":{"line":47,"column":null}},"6":{"start":{"line":41,"column":21},"end":{"line":41,"column":51}},"7":{"start":{"line":8,"column":13},"end":{"line":8,"column":null}}},"fnMap":{"0":{"name":"(anonymous_1)","decl":{"start":{"line":11,"column":5},"end":{"line":11,"column":6}},"loc":{"start":{"line":11,"column":44},"end":{"line":48,"column":1}}},"1":{"name":"(anonymous_2)","decl":{"start":{"line":41,"column":15},"end":{"line":41,"column":18}},"loc":{"start":{"line":41,"column":21},"end":{"line":41,"column":51}}}},"branchMap":{"0":{"loc":{"start":{"line":35,"column":5},"end":{"line":43,"column":null}},"type":"binary-expr","locations":[{"start":{"line":35,"column":5},"end":{"line":35,"column":38}},{"start":{"line":36,"column":5},"end":{"line":41,"column":null}}]}},"s":{"0":1,"1":1,"2":1,"3":1,"4":1,"5":0,"6":0,"7":1},"f":{"0":0,"1":0},"b":{"0":[0,0]}}
,"/Users/daveodden/Documents/web projects/un-moquer-hotelier-mantine/src/features/Dashboard/TodaysCheckins/List/Components/CheckedInIcon.tsx": {"path":"/Users/daveodden/Documents/web projects/un-moquer-hotelier-mantine/src/features/Dashboard/TodaysCheckins/List/Components/CheckedInIcon.tsx","statementMap":{"0":{"start":{"line":1,"column":0},"end":{"line":1,"column":63}},"1":{"start":{"line":2,"column":0},"end":{"line":2,"column":47}},"2":{"start":{"line":4,"column":43},"end":{"line":20,"column":1}},"3":{"start":{"line":5,"column":1},"end":{"line":19,"column":null}},"4":{"start":{"line":4,"column":13},"end":{"line":4,"column":43}}},"fnMap":{"0":{"name":"(anonymous_0)","decl":{"start":{"line":4,"column":43},"end":{"line":4,"column":46}},"loc":{"start":{"line":4,"column":48},"end":{"line":20,"column":1}}}},"branchMap":{},"s":{"0":1,"1":1,"2":1,"3":0,"4":1},"f":{"0":0},"b":{}}
,"/Users/daveodden/Documents/web projects/un-moquer-hotelier-mantine/src/features/Dashboard/TodaysCheckins/List/Components/ListItemIcon.tsx": {"path":"/Users/daveodden/Documents/web projects/un-moquer-hotelier-mantine/src/features/Dashboard/TodaysCheckins/List/Components/ListItemIcon.tsx","statementMap":{"0":{"start":{"line":1,"column":0},"end":{"line":1,"column":47}},"1":{"start":{"line":2,"column":0},"end":{"line":2,"column":53}},"2":{"start":{"line":7,"column":5},"end":{"line":8,"column":83}},"3":{"start":{"line":8,"column":1},"end":{"line":8,"column":83}},"4":{"start":{"line":4,"column":13},"end":{"line":4,"column":null}}},"fnMap":{"0":{"name":"(anonymous_0)","decl":{"start":{"line":7,"column":5},"end":{"line":7,"column":6}},"loc":{"start":{"line":8,"column":1},"end":{"line":8,"column":83}}}},"branchMap":{"0":{"loc":{"start":{"line":8,"column":1},"end":{"line":8,"column":83}},"type":"cond-expr","locations":[{"start":{"line":8,"column":13},"end":{"line":8,"column":30}},{"start":{"line":8,"column":33},"end":{"line":8,"column":83}}]}},"s":{"0":1,"1":1,"2":1,"3":0,"4":1},"f":{"0":0},"b":{"0":[0,0]}}
,"/Users/daveodden/Documents/web projects/un-moquer-hotelier-mantine/src/features/Dashboard/TodaysCheckins/List/Components/NotCheckedInIcon.tsx": {"path":"/Users/daveodden/Documents/web projects/un-moquer-hotelier-mantine/src/features/Dashboard/TodaysCheckins/List/Components/NotCheckedInIcon.tsx","statementMap":{"0":{"start":{"line":1,"column":0},"end":{"line":1,"column":42}},"1":{"start":{"line":2,"column":0},"end":{"line":2,"column":83}},"2":{"start":{"line":3,"column":0},"end":{"line":3,"column":25}},"3":{"start":{"line":5,"column":71},"end":{"line":48,"column":1}},"4":{"start":{"line":6,"column":17},"end":{"line":8,"column":null}},"5":{"start":{"line":10,"column":16},"end":{"line":12,"column":null}},"6":{"start":{"line":18,"column":16},"end":{"line":18,"column":66}},"7":{"start":{"line":20,"column":1},"end":{"line":26,"column":2}},"8":{"start":{"line":21,"column":2},"end":{"line":25,"column":null}},"9":{"start":{"line":28,"column":14},"end":{"line":31,"column":null}},"10":{"start":{"line":33,"column":1},"end":{"line":36,"column":2}},"11":{"start":{"line":34,"column":2},"end":{"line":34,"column":null}},"12":{"start":{"line":35,"column":2},"end":{"line":35,"column":null}},"13":{"start":{"line":38,"column":1},"end":{"line":41,"column":2}},"14":{"start":{"line":39,"column":2},"end":{"line":39,"column":null}},"15":{"start":{"line":40,"column":2},"end":{"line":40,"column":null}},"16":{"start":{"line":43,"column":1},"end":{"line":47,"column":null}},"17":{"start":{"line":5,"column":13},"end":{"line":5,"column":71}}},"fnMap":{"0":{"name":"(anonymous_1)","decl":{"start":{"line":5,"column":71},"end":{"line":5,"column":72}},"loc":{"start":{"line":5,"column":95},"end":{"line":48,"column":1}}}},"branchMap":{"0":{"loc":{"start":{"line":20,"column":1},"end":{"line":26,"column":2}},"type":"if","locations":[{"start":{"line":20,"column":1},"end":{"line":26,"column":2}}]},"1":{"loc":{"start":{"line":33,"column":1},"end":{"line":36,"column":2}},"type":"if","locations":[{"start":{"line":33,"column":1},"end":{"line":36,"column":2}}]},"2":{"loc":{"start":{"line":38,"column":1},"end":{"line":41,"column":2}},"type":"if","locations":[{"start":{"line":38,"column":1},"end":{"line":41,"column":2}}]}},"s":{"0":1,"1":1,"2":1,"3":1,"4":0,"5":0,"6":0,"7":0,"8":0,"9":0,"10":0,"11":0,"12":0,"13":0,"14":0,"15":0,"16":0,"17":1},"f":{"0":0},"b":{"0":[0],"1":[0],"2":[0]}}
,"/Users/daveodden/Documents/web projects/un-moquer-hotelier-mantine/src/features/Dashboard/TodaysCheckins/Modal/CheckinModal.tsx": {"path":"/Users/daveodden/Documents/web projects/un-moquer-hotelier-mantine/src/features/Dashboard/TodaysCheckins/Modal/CheckinModal.tsx","statementMap":{"0":{"start":{"line":1,"column":0},"end":{"line":1,"column":43}},"1":{"start":{"line":2,"column":0},"end":{"line":2,"column":25}},"2":{"start":{"line":4,"column":0},"end":{"line":4,"column":89}},"3":{"start":{"line":6,"column":90},"end":{"line":29,"column":1}},"4":{"start":{"line":11,"column":1},"end":{"line":28,"column":null}},"5":{"start":{"line":6,"column":13},"end":{"line":6,"column":90}}},"fnMap":{"0":{"name":"(anonymous_1)","decl":{"start":{"line":6,"column":90},"end":{"line":6,"column":91}},"loc":{"start":{"line":10,"column":5},"end":{"line":29,"column":1}}}},"branchMap":{},"s":{"0":1,"1":1,"2":1,"3":1,"4":0,"5":1},"f":{"0":0},"b":{}}
[...]
":39}},"loc":{"start":{"line":23,"column":41},"end":{"line":34,"column":1}}},"6":{"name":"(anonymous_13)","decl":{"start":{"line":26,"column":11},"end":{"line":26,"column":14}},"loc":{"start":{"line":27,"column":3},"end":{"line":32,"column":42}}},"7":{"name":"(anonymous_14)","decl":{"start":{"line":32,"column":10},"end":{"line":32,"column":11}},"loc":{"start":{"line":32,"column":30},"end":{"line":32,"column":41}}},"8":{"name":"(anonymous_15)","decl":{"start":{"line":36,"column":30},"end":{"line":36,"column":33}},"loc":{"start":{"line":36,"column":35},"end":{"line":50,"column":1}}},"9":{"name":"(anonymous_16)","decl":{"start":{"line":39,"column":14},"end":{"line":39,"column":15}},"loc":{"start":{"line":39,"column":39},"end":{"line":45,"column":3}}},"10":{"name":"(anonymous_17)","decl":{"start":{"line":46,"column":13},"end":{"line":46,"column":22}},"loc":{"start":{"line":46,"column":24},"end":{"line":48,"column":null}}},"11":{"name":"(anonymous_18)","decl":{"start":{"line":46,"column":24},"end":{"line":46,"column":null}},"loc":{"start":{"line":46,"column":24},"end":{"line":48,"column":3}}},"12":{"name":"(anonymous_19)","decl":{"start":{"line":52,"column":30},"end":{"line":52,"column":33}},"loc":{"start":{"line":52,"column":35},"end":{"line":67,"column":1}}},"13":{"name":"(anonymous_20)","decl":{"start":{"line":55,"column":14},"end":{"line":55,"column":15}},"loc":{"start":{"line":55,"column":60},"end":{"line":62,"column":3}}},"14":{"name":"(anonymous_21)","decl":{"start":{"line":63,"column":13},"end":{"line":63,"column":22}},"loc":{"start":{"line":63,"column":24},"end":{"line":65,"column":null}}},"15":{"name":"(anonymous_22)","decl":{"start":{"line":63,"column":24},"end":{"line":63,"column":null}},"loc":{"start":{"line":63,"column":24},"end":{"line":65,"column":3}}},"16":{"name":"(anonymous_23)","decl":{"start":{"line":69,"column":30},"end":{"line":69,"column":33}},"loc":{"start":{"line":69,"column":35},"end":{"line":83,"column":1}}},"17":{"name":"(anonymous_24)","decl":{"start":{"line":72,"column":14},"end":{"line":72,"column":15}},"loc":{"start":{"line":72,"column":29},"end":{"line":78,"column":3}}},"18":{"name":"(anonymous_25)","decl":{"start":{"line":79,"column":13},"end":{"line":79,"column":22}},"loc":{"start":{"line":79,"column":24},"end":{"line":81,"column":null}}},"19":{"name":"(anonymous_26)","decl":{"start":{"line":79,"column":24},"end":{"line":79,"column":null}},"loc":{"start":{"line":79,"column":24},"end":{"line":81,"column":3}}}},"branchMap":{"0":{"loc":{"start":{"line":7,"column":8},"end":{"line":7,"column":94}},"type":"cond-expr","locations":[{"start":{"line":7,"column":59},"end":{"line":7,"column":61}},{"start":{"line":7,"column":59},"end":{"line":7,"column":94}}]},"1":{"loc":{"start":{"line":7,"column":8},"end":{"line":7,"column":61}},"type":"binary-expr","locations":[{"start":{"line":7,"column":8},"end":{"line":7,"column":61}},{"start":{"line":7,"column":59},"end":{"line":7,"column":61}}]}},"s":{"0":1,"1":1,"2":1,"3":0,"4":0,"5":0,"6":1,"7":1,"8":0,"9":0,"10":0,"11":1,"12":1,"13":0,"14":0,"15":0,"16":1,"17":1,"18":0,"19":0,"20":0,"21":0,"22":0,"23":1,"24":1,"25":0,"26":0,"27":0,"28":0,"29":0,"30":1,"31":1,"32":0,"33":0,"34":0,"35":0,"36":0,"37":1},"f":{"0":0,"1":0,"2":0,"3":0,"4":0,"5":0,"6":0,"7":0,"8":0,"9":0,"10":0,"11":0,"12":0,"13":0,"14":0,"15":0,"16":0,"17":0,"18":0,"19":0},"b":{"0":[0,0],"1":[0,0]}}
,"/Users/daveodden/Documents/web projects/un-moquer-hotelier-mantine/src/hooks/useLocalStorage.ts": {"path":"/Users/daveodden/Documents/web projects/un-moquer-hotelier-mantine/src/hooks/useLocalStorage.ts","statementMap":{"0":{"start":{"line":1,"column":0},"end":{"line":1,"column":43}},"1":{"start":{"line":23,"column":31},"end":{"line":41,"column":1}},"2":{"start":{"line":24,"column":27},"end":{"line":34,"column":3}},"3":{"start":{"line":25,"column":2},"end":{"line":33,"column":3}},"4":{"start":{"line":26,"column":17},"end":{"line":26,"column":42}},"5":{"start":{"line":27,"column":3},"end":{"line":29,"column":4}},"6":{"start":{"line":28,"column":4},"end":{"line":28,"column":null}},"7":{"start":{"line":30,"column":3},"end":{"line":30,"column":null}},"8":{"start":{"line":32,"column":3},"end":{"line":32,"column":null}},"9":{"start":{"line":35,"column":1},"end":{"line":38,"column":null}},"10":{"start":{"line":36,"column":19},"end":{"line":36,"column":40}},"11":{"start":{"line":37,"column":2},"end":{"line":37,"column":null}},"12":{"start":{"line":40,"column":1},"end":{"line":40,"column":null}},"13":{"start":{"line":23,"column":13},"end":{"line":23,"column":31}}},"fnMap":{"0":{"name":"(anonymous_0)","decl":{"start":{"line":23,"column":31},"end":{"line":23,"column":32}},"loc":{"start":{"line":23,"column":73},"end":{"line":41,"column":1}}},"1":{"name":"(anonymous_1)","decl":{"start":{"line":24,"column":36},"end":{"line":24,"column":39}},"loc":{"start":{"line":24,"column":41},"end":{"line":34,"column":2}}},"2":{"name":"(anonymous_2)","decl":{"start":{"line":35,"column":11},"end":{"line":35,"column":14}},"loc":{"start":{"line":35,"column":16},"end":{"line":38,"column":2}}}},"branchMap":{"0":{"loc":{"start":{"line":23,"column":45},"end":{"line":23,"column":69}},"type":"default-arg","locations":[{"start":{"line":23,"column":65},"end":{"line":23,"column":69}}]},"1":{"loc":{"start":{"line":27,"column":3},"end":{"line":29,"column":4}},"type":"if","locations":[{"start":{"line":27,"column":3},"end":{"line":29,"column":4}}]}},"s":{"0":1,"1":1,"2":0,"3":0,"4":0,"5":0,"6":0,"7":0,"8":0,"9":0,"10":0,"11":0,"12":0,"13":1},"f":{"0":0,"1":0,"2":0},"b":{"0":[0],"1":[0]}}
,"/Users/daveodden/Documents/web projects/un-moquer-hotelier-mantine/src/hooks/useRoomsQuery.ts": {"path":"/Users/daveodden/Documents/web projects/un-moquer-hotelier-mantine/src/hooks/useRoomsQuery.ts","statementMap":{"0":{"start":{"line":1,"column":0},"end":{"line":1,"column":64}},"1":{"start":{"line":2,"column":0},"end":{"line":2,"column":43}},"2":{"start":{"line":4,"column":23},"end":{"line":7,"column":1}},"3":{"start":{"line":5,"column":21},"end":{"line":5,"column":37}},"4":{"start":{"line":6,"column":1},"end":{"line":6,"column":null}},"5":{"start":{"line":6,"column":69},"end":{"line":6,"column":81}},"6":{"start":{"line":4,"column":13},"end":{"line":4,"column":23}},"7":{"start":{"line":9,"column":24},"end":{"line":20,"column":1}},"8":{"start":{"line":10,"column":1},"end":{"line":19,"column":null}},"9":{"start":{"line":13,"column":3},"end":{"line":18,"column":31}},"10":{"start":{"line":18,"column":19},"end":{"line":18,"column":30}},"11":{"start":{"line":9,"column":13},"end":{"line":9,"column":24}},"12":{"start":{"line":22,"column":32},"end":{"line":33,"column":1}},"13":{"start":{"line":23,"column":1},"end":{"line":32,"column":null}},"14":{"start":{"line":26,"column":3},"end":{"line":31,"column":31}},"15":{"start":{"line":31,"column":19},"end":{"line":31,"column":30}},"16":{"start":{"line":22,"column":13},"end":{"line":22,"column":32}}},"fnMap":{"0":{"name":"(anonymous_0)","decl":{"start":{"line":4,"column":23},"end":{"line":4,"column":24}},"loc":{"start":{"line":4,"column":38},"end":{"line":7,"column":1}}},"1":{"name":"(anonymous_1)","decl":{"start":{"line":6,"column":62},"end":{"line":6,"column":63}},"loc":{"start":{"line":6,"column":69},"end":{"line":6,"column":81}}},"2":{"name":"(anonymous_2)","decl":{"start":{"line":9,"column":24},"end":{"line":9,"column":27}},"loc":{"start":{"line":9,"column":29},"end":{"line":20,"column":1}}},"3":{"name":"(anonymous_3)","decl":{"start":{"line":12,"column":11},"end":{"line":12,"column":14}},"loc":{"start":{"line":13,"column":3},"end":{"line":18,"column":31}}},"4":{"name":"(anonymous_4)","decl":{"start":{"line":18,"column":10},"end":{"line":18,"column":11}},"loc":{"start":{"line":18,"column":19},"end":{"line":18,"column":30}}},"5":{"name":"(anonymous_5)","decl":{"start":{"line":22,"column":32},"end":{"line":22,"column":35}},"loc":{"start":{"line":22,"column":37},"end":{"line":33,"column":1}}},"6":{"name":"(anonymous_6)","decl":{"start":{"line":25,"column":11},"end":{"line":25,"column":14}},"loc":{"start":{"line":26,"column":3},"end":{"line":31,"column":31}}},"7":{"name":"(anonymous_7)","decl":{"start":{"line":31,"column":10},"end":{"line":31,"column":11}},"loc":{"start":{"line":31,"column":19},"end":{"line":31,"column":30}}}},"branchMap":{"0":{"loc":{"start":{"line":6,"column":8},"end":{"line":6,"column":82}},"type":"cond-expr","locations":[{"start":{"line":6,"column":55},"end":{"line":6,"column":57}},{"start":{"line":6,"column":55},"end":{"line":6,"column":82}}]},"1":{"loc":{"start":{"line":6,"column":8},"end":{"line":6,"column":57}},"type":"binary-expr","locations":[{"start":{"line":6,"column":8},"end":{"line":6,"column":57}},{"start":{"line":6,"column":55},"end":{"line":6,"column":57}}]}},"s":{"0":1,"1":1,"2":1,"3":0,"4":0,"5":0,"6":1,"7":1,"8":0,"9":0,"10":0,"11":1,"12":1,"13":0,"14":0,"15":0,"16":1},"f":{"0":0,"1":0,"2":0,"3":0,"4":0,"5":0,"6":0,"7":0},"b":{"0":[0,0],"1":[0,0]}}
,"/Users/daveodden/Documents/web projects/un-moquer-hotelier-mantine/src/hooks/useTasksQuery.ts": {"path":"/Users/daveodden/Documents/web projects/un-moquer-hotelier-mantine/src/hooks/useTasksQuery.ts","statementMap":{"0":{"start":{"line":1,"column":0},"end":{"line":1,"column":77}},"1":{"start":{"line":2,"column":0},"end":{"line":2,"column":43}},"2":{"start":{"line":8,"column":23},"end":{"line":11,"column":1}},"3":{"start":{"line":9,"column":21},"end":{"line":9,"column":37}},"4":{"start":{"line":10,"column":1},"end":{"line":10,"column":null}},"5":{"start":{"line":10,"column":69},"end":{"line":10,"column":81}},"6":{"start":{"line":8,"column":13},"end":{"line":8,"column":23}},"7":{"start":{"line":13,"column":24},"end":{"line":24,"column":1}},"8":{"start":{"line":14,"column":1},"end":{"line":23,"column":null}},"9":{"start":{"line":17,"column":3},"end":{"line":22,"column":31}},"10":{"start":{"line":22,"column":19},"end":{"line":22,"column":30}},"11":{"start":{"line":13,"column":13},"end":{"line":13,"column":24}},"12":{"start":{"line":26,"column":29},"end":{"line":40,"column":1}},"13":{"start":{"line":27,"column":21},"end":{"line":27,"column":37}},"14":{"start":{"line":28,"column":1},"end":{"line":39,"column":null}},"15":{"start":{"line":30,"column":3},"end":{"line":34,"column":null}},"16":{"start":{"line":36,"column":24},"end":{"line":38,"column":null}},"17":{"start":{"line":37,"column":3},"end":{"line":37,"column":null}},"18":{"start":{"line":26,"column":13},"end":{"line":26,"column":29}},"19":{"start":{"line":42,"column":29},"end":{"line":57,"column":1}},"20":{"start":{"line":43,"column":21},"end":{"line":43,"column":37}},"21":{"start":{"line":44,"column":1},"end":{"line":56,"column":null}},"22":{"start":{"line":46,"column":3},"end":{"line":51,"column":null}},"23":{"start":{"line":53,"column":24},"end":{"line":55,"column":null}},"24":{"start":{"line":54,"column":3},"end":{"line":54,"column":null}},"25":{"start":{"line":42,"column":13},"end":{"line":42,"column":29}},"26":{"start":{"line":59,"column":29},"end":{"line":73,"column":1}},"27":{"start":{"line":60,"column":21},"end":{"line":60,"column":37}},"28":{"start":{"line":61,"column":1},"end":{"line":72,"column":null}},"29":{"start":{"line":63,"column":3},"end":{"line":67,"column":null}},"30":{"start":{"line":69,"column":24},"end":{"line":71,"column":null}},"31":{"start":{"line":70,"column":3},"end":{"line":70,"column":null}},"32":{"start":{"line":59,"column":13},"end":{"line":59,"column":29}}},"fnMap":{"0":{"name":"(anonymous_7)","decl":{"start":{"line":8,"column":23},"end":{"line":8,"column":24}},"loc":{"start":{"line":8,"column":38},"end":{"line":11,"column":1}}},"1":{"name":"(anonymous_8)","decl":{"start":{"line":10,"column":62},"end":{"line":10,"column":63}},"loc":{"start":{"line":10,"column":69},"end":{"line":10,"column":81}}},"2":{"name":"(anonymous_9)","decl":{"start":{"line":13,"column":24},"end":{"line":13,"column":27}},"loc":{"start":{"line":13,"column":29},"end":{"line":24,"column":1}}},"3":{"name":"(anonymous_10)","decl":{"start":{"line":16,"column":11},"end":{"line":16,"column":14}},"loc":{"start":{"line":17,"column":3},"end":{"line":22,"column":31}}},"4":{"name":"(anonymous_11)","decl":{"start":{"line":22,"column":10},"end":{"line":22,"column":11}},"loc":{"start":{"line":22,"column":19},"end":{"line":22,"column":30}}},"5":{"name":"(anonymous_12)","decl":{"start":{"line":26,"column":29},"end":{"line":26,"column":32}},"loc":{"start":{"line":26,"column":34},"end":{"line":40,"column":1}}},"6":{"name":"(anonymous_13)","decl":{"start":{"line":29,"column":14},"end":{"line":29,"column":15}},"loc":{"start":{"line":29,"column":38},"end":{"line":35,"column":3}}},"7":{"name":"(anonymous_14)","decl":{"start":{"line":36,"column":13},"end":{"line":36,"column":22}},"loc":{"start":{"line":36,"column":24},"end":{"line":38,"column":null}}},"8":{"name":"(anonymous_15)","decl":{"start":{"line":36,"column":24},"end":{"line":36,"column":null}},"loc":{"start":{"line":36,"column":24},"end":{"line":38,"column":3}}},"9":{"name":"(anonymous_16)","decl":{"start":{"line":42,"column":29},"end":{"line":42,"column":32}},"loc":{"start":{"line":42,"column":34},"end":{"line":57,"column":1}}},"10":{"name":"(anonymous_17)","decl":{"start":{"line":45,"column":14},"end":{"line":45,"column":15}},"loc":{"start":{"line":45,"column":35},"end":{"line":52,"column":3}}},"11":{"name":"(anonymous_18)","decl":{"start":{"line":53,"column":13},"end":{"line":53,"column":22}},"loc":{"start":{"line":53,"column":24},"end":{"line":55,"column":null}}},"12":{"name":"(anonymous_19)","decl":{"start":{"line":53,"column":24},"end":{"line":53,"column":null}},"loc":{"start":{"line":53,"column":24},"end":{"line":55,"column":3}}},"13":{"name":"(anonymous_20)","decl":{"start":{"line":59,"column":29},"end":{"line":59,"column":32}},"loc":{"start":{"line":59,"column":34},"end":{"line":73,"column":1}}},"14":{"name":"(anonymous_21)","decl":{"start":{"line":62,"column":14},"end":{"line":62,"column":15}},"loc":{"start":{"line":62,"column":29},"end":{"line":68,"column":3}}},"15":{"name":"(anonymous_22)","decl":{"start":{"line":69,"column":13},"end":{"line":69,"column":22}},"loc":{"start":{"line":69,"column":24},"end":{"line":71,"column":null}}},"16":{"name":"(anonymous_23)","decl":{"start":{"line":69,"column":24},"end":{"line":69,"column":null}},"loc":{"start":{"line":69,"column":24},"end":{"line":71,"column":3}}}},"branchMap":{"0":{"loc":{"start":{"line":10,"column":8},"end":{"line":10,"column":82}},"type":"cond-expr","locations":[{"start":{"line":10,"column":55},"end":{"line":10,"column":57}},{"start":{"line":10,"column":55},"end":{"line":10,"column":82}}]},"1":{"loc":{"start":{"line":10,"column":8},"end":{"line":10,"column":57}},"type":"binary-expr","locations":[{"start":{"line":10,"column":8},"end":{"line":10,"column":57}},{"start":{"line":10,"column":55},"end":{"line":10,"column":57}}]}},"s":{"0":1,"1":1,"2":1,"3":0,"4":0,"5":0,"6":1,"7":1,"8":0,"9":0,"10":0,"11":1,"12":1,"13":0,"14":0,"15":0,"16":0,"17":0,"18":1,"19":1,"20":0,"21":0,"22":0,"23":0,"24":0,"25":1,"26":1,"27":0,"28":0,"29":0,"30":0,"31":0,"32":1},"f":{"0":0,"1":0,"2":0,"3":0,"4":0,"5":0,"6":0,"7":0,"8":0,"9":0,"10":0,"11":0,"12":0,"13":0,"14":0,"15":0,"16":0},"b":{"0":[0,0],"1":[0,0]}}
,"/Users/daveodden/Documents/web projects/un-moquer-hotelier-mantine/src/utils/constants.ts": {"path":"/Users/daveodden/Documents/web projects/un-moquer-hotelier-mantine/src/utils/constants.ts","statementMap":{"0":{"start":{"line":1,"column":13},"end":{"line":1,"column":null}},"1":{"start":{"line":2,"column":13},"end":{"line":2,"column":null}}},"fnMap":{},"branchMap":{},"s":{"0":1,"1":1},"f":{},"b":{}}
,"/Users/daveodden/Documents/web projects/un-moquer-hotelier-mantine/src/utils/formatting.ts": {"path":"/Users/daveodden/Documents/web projects/un-moquer-hotelier-mantine/src/utils/formatting.ts","statementMap":{"0":{"start":{"line":1,"column":0},"end":{"line":1,"column":36}},"1":{"start":{"line":2,"column":0},"end":{"line":2,"column":56}},"2":{"start":{"line":4,"column":27},"end":{"line":17,"column":1}},"3":{"start":{"line":5,"column":1},"end":{"line":5,"column":null}},"4":{"start":{"line":6,"column":12},"end":{"line":6,"column":24}},"5":{"start":{"line":7,"column":1},"end":{"line":9,"column":2}},"6":{"start":{"line":8,"column":2},"end":{"line":8,"column":null}},"7":{"start":{"line":10,"column":1},"end":{"line":12,"column":2}},"8":{"start":{"line":11,"column":2},"end":{"line":11,"column":null}},"9":{"start":{"line":13,"column":1},"end":{"line":15,"column":2}},"10":{"start":{"line":14,"column":2},"end":{"line":14,"column":null}},"11":{"start":{"line":16,"column":1},"end":{"line":16,"column":null}},"12":{"start":{"line":4,"column":13},"end":{"line":4,"column":27}},"13":{"start":{"line":19,"column":30},"end":{"line":21,"column":1}},"14":{"start":{"line":20,"column":1},"end":{"line":20,"column":null}},"15":{"start":{"line":19,"column":13},"end":{"line":19,"column":30}},"16":{"start":{"line":23,"column":34},"end":{"line":25,"column":1}},"17":{"start":{"line":24,"column":1},"end":{"line":24,"column":null}},"18":{"start":{"line":23,"column":13},"end":{"line":23,"column":34}},"19":{"start":{"line":27,"column":27},"end":{"line":29,"column":1}},"20":{"start":{"line":28,"column":1},"end":{"line":28,"column":null}},"21":{"start":{"line":27,"column":13},"end":{"line":27,"column":27}},"22":{"start":{"line":31,"column":28},"end":{"line":33,"column":1}},"23":{"start":{"line":32,"column":1},"end":{"line":32,"column":null}},"24":{"start":{"line":31,"column":13},"end":{"line":31,"column":28}},"25":{"start":{"line":35,"column":22},"end":{"line":37,"column":1}},"26":{"start":{"line":36,"column":1},"end":{"line":36,"column":null}},"27":{"start":{"line":35,"column":13},"end":{"line":35,"column":22}},"28":{"start":{"line":39,"column":27},"end":{"line":42,"column":1}},"29":{"start":{"line":40,"column":25},"end":{"line":40,"column":61}},"30":{"start":{"line":41,"column":1},"end":{"line":41,"column":null}},"31":{"start":{"line":39,"column":13},"end":{"line":39,"column":27}}},"fnMap":{"0":{"name":"(anonymous_1)","decl":{"start":{"line":4,"column":27},"end":{"line":4,"column":28}},"loc":{"start":{"line":4,"column":45},"end":{"line":17,"column":1}}},"1":{"name":"(anonymous_2)","decl":{"start":{"line":19,"column":30},"end":{"line":19,"column":31}},"loc":{"start":{"line":19,"column":62},"end":{"line":21,"column":1}}},"2":{"name":"(anonymous_3)","decl":{"start":{"line":23,"column":34},"end":{"line":23,"column":35}},"loc":{"start":{"line":23,"column":66},"end":{"line":25,"column":1}}},"3":{"name":"(anonymous_4)","decl":{"start":{"line":27,"column":27},"end":{"line":27,"column":28}},"loc":{"start":{"line":27,"column":59},"end":{"line":29,"column":1}}},"4":{"name":"(anonymous_5)","decl":{"start":{"line":31,"column":28},"end":{"line":31,"column":29}},"loc":{"start":{"line":31,"column":91},"end":{"line":33,"column":1}}},"5":{"name":"(anonymous_6)","decl":{"start":{"line":35,"column":22},"end":{"line":35,"column":23}},"loc":{"start":{"line":35,"column":85},"end":{"line":37,"column":1}}},"6":{"name":"(anonymous_7)","decl":{"start":{"line":39,"column":27},"end":{"line":39,"column":28}},"loc":{"start":{"line":39,"column":60},"end":{"line":42,"column":1}}}},"branchMap":{"0":{"loc":{"start":{"line":7,"column":1},"end":{"line":9,"column":2}},"type":"if","locations":[{"start":{"line":7,"column":1},"end":{"line":9,"column":2}}]},"1":{"loc":{"start":{"line":10,"column":1},"end":{"line":12,"column":2}},"type":"if","locations":[{"start":{"line":10,"column":1},"end":{"line":12,"column":2}}]},"2":{"loc":{"start":{"line":13,"column":1},"end":{"line":15,"column":2}},"type":"if","locations":[{"start":{"line":13,"column":1},"end":{"line":15,"column":2}}]}},"s":{"0":1,"1":1,"2":1,"3":0,"4":0,"5":0,"6":0,"7":0,"8":0,"9":0,"10":0,"11":0,"12":1,"13":1,"14":0,"15":1,"16":1,"17":0,"18":1,"19":1,"20":0,"21":1,"22":1,"23":0,"24":1,"25":1,"26":0,"27":1,"28":1,"29":0,"30":0,"31":1},"f":{"0":0,"1":0,"2":0,"3":0,"4":0,"5":0,"6":0},"b":{"0":[0],"1":[0],"2":[0]}}
}
